<?xml version="1.0" encoding="UTF-8"?>
<testsuites name="permohonan aktiviti politik" time="338.438" tests="7" failures="2" errors="0">
   <testsuite name="permohonan aktiviti politik" tests="7" failures="2" errors="0" time="338.438" skipped="0" timestamp="2026-01-06T05:12:06.861Z" hostname="bellaa - DESKTOP-T6ADH9V" id="Test Suites/permohonan aktiviti politik">
      <properties>
         <property name="deviceName" value=""/>
         <property name="devicePlatform"/>
         <property name="logFolder" value="C:\\Users\\bellaa\\OneDrive\\Desktop\\Automation-Testing-MBSP\\Automation-Testing-MBSP\\Reports\\20260106_131202\\permohonan aktiviti politik\\20260106_131202"/>
         <property name="logFiles" value="C:\\Users\\bellaa\\OneDrive\\Desktop\\Automation-Testing-MBSP\\Automation-Testing-MBSP\\Reports\\20260106_131202\\permohonan aktiviti politik\\20260106_131202\\console0.log, C:\\Users\\bellaa\\OneDrive\\Desktop\\Automation-Testing-MBSP\\Automation-Testing-MBSP\\Reports\\20260106_131202\\permohonan aktiviti politik\\20260106_131202\\execution0.log"/>
         <property name="attachments" value="C:\\Users\\bellaa\\OneDrive\\Desktop\\Automation-Testing-MBSP\\Automation-Testing-MBSP\\Reports\\20260106_131202\\permohonan aktiviti politik\\20260106_131202\\1767676351413.png, C:\\Users\\bellaa\\OneDrive\\Desktop\\Automation-Testing-MBSP\\Automation-Testing-MBSP\\Reports\\20260106_131202\\permohonan aktiviti politik\\20260106_131202\\1767676583304.png"/>
         <property name="hostName" value="bellaa - DESKTOP-T6ADH9V"/>
         <property name="os" value="Windows 11 64bit"/>
         <property name="katalonVersion" value="10.4.1.0"/>
         <property name="browser" value="Chrome 143.0.7499.170"/>
         <property name="userFullName" value="bella nordin"/>
         <property name="hostAddress" value="192.168.0.166"/>
         <property name="sessionId" value="93deadfe9d6eac8a58a365a648a5ad29"/>
         <property name="projectName" value="Automation-Testing-MBSP"/>
         <property name="seleniumVersion" value="4.34.0"/>
         <property name="proxyInformation" value="ProxyInformation { proxyOption=NO_PROXY, proxyServerType=HTTP, username=, password=********, proxyServerAddress=, proxyServerPort=0, executionList=&quot;&quot;, isApplyToDesiredCapabilities=true }"/>
         <property name="platform" value="Windows 11"/>
      </properties>
      <testcase name="Test Cases/Permohonan Aktiviti Politik/jana surat" time="23.871" classname="Test Cases/Permohonan Aktiviti Politik/jana surat" status="FAILED">
         <failure type="FAILED" message="Test Cases/Permohonan Aktiviti Politik/jana surat FAILED.&#xa;Reason:&#xa;com.kms.katalon.core.exception.StepFailedException: Unable to click on object 'Object Repository/PAP-jana surat/Page_MBSP - Pemakluman Penglibatan Politik/a_Muat Turun Surat Kelulusan_btn btn-outlin_f75eb4'&#xa;	at com.kms.katalon.core.webui.keyword.internal.WebUIKeywordMain.stepFailed(WebUIKeywordMain.groovy:177)&#xa;	at com.kms.katalon.core.webui.keyword.internal.WebUIKeywordMain.runKeyword(WebUIKeywordMain.groovy:49)&#xa;	at com.kms.katalon.core.webui.keyword.internal.WebUIKeywordMain.runKeywordUntilTimeout(WebUIKeywordMain.groovy:133)&#xa;	at com.kms.katalon.core.webui.keyword.builtin.ClickKeyword.click(ClickKeyword.groovy:65)&#xa;	at com.kms.katalon.core.webui.keyword.builtin.ClickKeyword.execute(ClickKeyword.groovy:38)&#xa;	at com.kms.katalon.core.keyword.internal.KeywordExecutor.executeKeywordForPlatform(KeywordExecutor.groovy:89)&#xa;	at com.kms.katalon.core.webui.keyword.WebUiBuiltInKeywords.click(WebUiBuiltInKeywords.groovy:721)&#xa;	at jana surat.run(jana surat:36)&#xa;	at com.kms.katalon.core.main.ScriptEngine.run(ScriptEngine.java:194)&#xa;	at com.kms.katalon.core.main.ScriptEngine.runScriptAsRawText(ScriptEngine.java:119)&#xa;	at com.kms.katalon.core.main.TestCaseExecutor.runScript(TestCaseExecutor.java:486)&#xa;	at com.kms.katalon.core.main.TestCaseExecutor.doExecute(TestCaseExecutor.java:477)&#xa;	at com.kms.katalon.core.main.TestCaseExecutor.processExecutionPhase(TestCaseExecutor.java:456)&#xa;	at com.kms.katalon.core.main.TestCaseExecutor.accessMainPhase(TestCaseExecutor.java:448)&#xa;	at com.kms.katalon.core.main.TestCaseExecutor.execute(TestCaseExecutor.java:322)&#xa;	at com.kms.katalon.core.common.CommonExecutor.accessTestCaseMainPhase(CommonExecutor.java:71)&#xa;	at com.kms.katalon.core.main.TestSuiteExecutor.accessTestSuiteMainPhase(TestSuiteExecutor.java:145)&#xa;	at com.kms.katalon.core.main.TestSuiteExecutor.execute(TestSuiteExecutor.java:104)&#xa;	at com.kms.katalon.core.main.TestCaseMain.startTestSuite(TestCaseMain.java:205)&#xa;	at TempTestSuite1767676322286.run(TempTestSuite1767676322286.groovy:35)&#xa;	at java.base/jdk.internal.reflect.NativeMethodAccessorImpl.invoke0(Native Method)&#xa;	at java.base/jdk.internal.reflect.NativeMethodAccessorImpl.invoke(NativeMethodAccessorImpl.java:77)&#xa;	at java.base/jdk.internal.reflect.DelegatingMethodAccessorImpl.invoke(DelegatingMethodAccessorImpl.java:43)&#xa;Caused by: com.kms.katalon.core.webui.exception.WebElementNotFoundException: Web element with id: 'Object Repository/PAP-jana surat/Page_MBSP - Pemakluman Penglibatan Politik/a_Muat Turun Surat Kelulusan_btn btn-outlin_f75eb4' located by 'By.xpath: //div[@id='view_modal_body']/div/div/div[5]/div/a[2]' not found&#xa;	at com.kms.katalon.core.webui.model.WebUiElementFinder.findElementByNormalMethods(WebUiElementFinder.java:193)&#xa;	at com.kms.katalon.core.webui.model.WebUiElementFinder.findElementsBySelectedMethod(WebUiElementFinder.java:91)&#xa;	at com.kms.katalon.core.webui.model.WebUiElementFinder.findElementsBySelectedMethod(WebUiElementFinder.java:74)&#xa;	at com.kms.katalon.core.webui.model.WebUiElementFinder.findElementsBySelectedMethod(WebUiElementFinder.java:69)&#xa;	at com.kms.katalon.core.webui.model.WebUiElementFinder.findElement(WebUiElementFinder.java:43)&#xa;	at com.kms.katalon.core.webui.model.WebUiElementFinderWithTimeout.basicFindElement(WebUiElementFinderWithTimeout.java:50)&#xa;	at com.kms.katalon.core.webui.model.WebUiElementFinderWithTimeout.lambda$0(WebUiElementFinderWithTimeout.java:29)&#xa;	at com.kms.katalon.core.webui.model.SeleniumActionRetryController.performAction(SeleniumActionRetryController.java:96)&#xa;	at com.kms.katalon.core.webui.model.SeleniumActionRetryController.performAction(SeleniumActionRetryController.java:83)&#xa;	at com.kms.katalon.core.webui.model.WebUiElementFinderWithTimeout.findElement(WebUiElementFinderWithTimeout.java:28)&#xa;	at com.kms.katalon.core.webui.keyword.internal.WebUIAbstractKeyword.findWebElement(WebUIAbstractKeyword.groovy:96)&#xa;	at com.kms.katalon.core.webui.keyword.builtin.ClickKeyword$_click_closure1.doCall(ClickKeyword.groovy:52)&#xa;	at java.base/jdk.internal.reflect.NativeMethodAccessorImpl.invoke0(Native Method)&#xa;	at java.base/jdk.internal.reflect.NativeMethodAccessorImpl.invoke(NativeMethodAccessorImpl.java:77)&#xa;	at java.base/jdk.internal.reflect.DelegatingMethodAccessorImpl.invoke(DelegatingMethodAccessorImpl.java:43)&#xa;	at jdk.proxy2/jdk.proxy2.$Proxy46.execute(Unknown Source)&#xa;	at com.kms.katalon.core.webui.model.SeleniumActionRetryController.performAction(SeleniumActionRetryController.java:96)&#xa;	at com.kms.katalon.core.webui.model.SeleniumActionRetryController.performAction(SeleniumActionRetryController.java:83)&#xa;	at com.kms.katalon.core.webui.keyword.internal.WebUIKeywordMain$_runKeywordUntilTimeout_closure1.doCall(WebUIKeywordMain.groovy:135)&#xa;	at com.kms.katalon.core.webui.keyword.internal.WebUIKeywordMain$_runKeywordUntilTimeout_closure1.call(WebUIKeywordMain.groovy)&#xa;	at com.kms.katalon.core.webui.keyword.internal.WebUIKeywordMain.runKeyword(WebUIKeywordMain.groovy:41)&#xa;	... 21 more&#xa;"/>
         <system-out><![CDATA[06-01-2026T13:12:07 - [TEST_CASE][FAILED] - Test Cases/Permohonan Aktiviti Politik/jana surat: Test Cases/Permohonan Aktiviti Politik/jana surat FAILED.
Reason:
com.kms.katalon.core.exception.StepFailedException: Unable to click on object 'Object Repository/PAP-jana surat/Page_MBSP - Pemakluman Penglibatan Politik/a_Muat Turun Surat Kelulusan_btn btn-outlin_f75eb4'
	at com.kms.katalon.core.webui.keyword.internal.WebUIKeywordMain.stepFailed(WebUIKeywordMain.groovy:177)
	at com.kms.katalon.core.webui.keyword.internal.WebUIKeywordMain.runKeyword(WebUIKeywordMain.groovy:49)
	at com.kms.katalon.core.webui.keyword.internal.WebUIKeywordMain.runKeywordUntilTimeout(WebUIKeywordMain.groovy:133)
	at com.kms.katalon.core.webui.keyword.builtin.ClickKeyword.click(ClickKeyword.groovy:65)
	at com.kms.katalon.core.webui.keyword.builtin.ClickKeyword.execute(ClickKeyword.groovy:38)
	at com.kms.katalon.core.keyword.internal.KeywordExecutor.executeKeywordForPlatform(KeywordExecutor.groovy:89)
	at com.kms.katalon.core.webui.keyword.WebUiBuiltInKeywords.click(WebUiBuiltInKeywords.groovy:721)
	at jana surat.run(jana surat:36)
	at com.kms.katalon.core.main.ScriptEngine.run(ScriptEngine.java:194)
	at com.kms.katalon.core.main.ScriptEngine.runScriptAsRawText(ScriptEngine.java:119)
	at com.kms.katalon.core.main.TestCaseExecutor.runScript(TestCaseExecutor.java:486)
	at com.kms.katalon.core.main.TestCaseExecutor.doExecute(TestCaseExecutor.java:477)
	at com.kms.katalon.core.main.TestCaseExecutor.processExecutionPhase(TestCaseExecutor.java:456)
	at com.kms.katalon.core.main.TestCaseExecutor.accessMainPhase(TestCaseExecutor.java:448)
	at com.kms.katalon.core.main.TestCaseExecutor.execute(TestCaseExecutor.java:322)
	at com.kms.katalon.core.common.CommonExecutor.accessTestCaseMainPhase(CommonExecutor.java:71)
	at com.kms.katalon.core.main.TestSuiteExecutor.accessTestSuiteMainPhase(TestSuiteExecutor.java:145)
	at com.kms.katalon.core.main.TestSuiteExecutor.execute(TestSuiteExecutor.java:104)
	at com.kms.katalon.core.main.TestCaseMain.startTestSuite(TestCaseMain.java:205)
	at TempTestSuite1767676322286.run(TempTestSuite1767676322286.groovy:35)
	at java.base/jdk.internal.reflect.NativeMethodAccessorImpl.invoke0(Native Method)
	at java.base/jdk.internal.reflect.NativeMethodAccessorImpl.invoke(NativeMethodAccessorImpl.java:77)
	at java.base/jdk.internal.reflect.DelegatingMethodAccessorImpl.invoke(DelegatingMethodAccessorImpl.java:43)
Caused by: com.kms.katalon.core.webui.exception.WebElementNotFoundException: Web element with id: 'Object Repository/PAP-jana surat/Page_MBSP - Pemakluman Penglibatan Politik/a_Muat Turun Surat Kelulusan_btn btn-outlin_f75eb4' located by 'By.xpath: //div[@id='view_modal_body']/div/div/div[5]/div/a[2]' not found
	at com.kms.katalon.core.webui.model.WebUiElementFinder.findElementByNormalMethods(WebUiElementFinder.java:193)
	at com.kms.katalon.core.webui.model.WebUiElementFinder.findElementsBySelectedMethod(WebUiElementFinder.java:91)
	at com.kms.katalon.core.webui.model.WebUiElementFinder.findElementsBySelectedMethod(WebUiElementFinder.java:74)
	at com.kms.katalon.core.webui.model.WebUiElementFinder.findElementsBySelectedMethod(WebUiElementFinder.java:69)
	at com.kms.katalon.core.webui.model.WebUiElementFinder.findElement(WebUiElementFinder.java:43)
	at com.kms.katalon.core.webui.model.WebUiElementFinderWithTimeout.basicFindElement(WebUiElementFinderWithTimeout.java:50)
	at com.kms.katalon.core.webui.model.WebUiElementFinderWithTimeout.lambda$0(WebUiElementFinderWithTimeout.java:29)
	at com.kms.katalon.core.webui.model.SeleniumActionRetryController.performAction(SeleniumActionRetryController.java:96)
	at com.kms.katalon.core.webui.model.SeleniumActionRetryController.performAction(SeleniumActionRetryController.java:83)
	at com.kms.katalon.core.webui.model.WebUiElementFinderWithTimeout.findElement(WebUiElementFinderWithTimeout.java:28)
	at com.kms.katalon.core.webui.keyword.internal.WebUIAbstractKeyword.findWebElement(WebUIAbstractKeyword.groovy:96)
	at com.kms.katalon.core.webui.keyword.builtin.ClickKeyword$_click_closure1.doCall(ClickKeyword.groovy:52)
	at java.base/jdk.internal.reflect.NativeMethodAccessorImpl.invoke0(Native Method)
	at java.base/jdk.internal.reflect.NativeMethodAccessorImpl.invoke(NativeMethodAccessorImpl.java:77)
	at java.base/jdk.internal.reflect.DelegatingMethodAccessorImpl.invoke(DelegatingMethodAccessorImpl.java:43)
	at jdk.proxy2/jdk.proxy2.$Proxy46.execute(Unknown Source)
	at com.kms.katalon.core.webui.model.SeleniumActionRetryController.performAction(SeleniumActionRetryController.java:96)
	at com.kms.katalon.core.webui.model.SeleniumActionRetryController.performAction(SeleniumActionRetryController.java:83)
	at com.kms.katalon.core.webui.keyword.internal.WebUIKeywordMain$_runKeywordUntilTimeout_closure1.doCall(WebUIKeywordMain.groovy:135)
	at com.kms.katalon.core.webui.keyword.internal.WebUIKeywordMain$_runKeywordUntilTimeout_closure1.call(WebUIKeywordMain.groovy)
	at com.kms.katalon.core.webui.keyword.internal.WebUIKeywordMain.runKeyword(WebUIKeywordMain.groovy:41)
	... 21 more


06-01-2026T13:12:08 - [TEST_STEP][PASSED] - openBrowser(""): Browser is opened with url: ''

06-01-2026T13:12:09 - [MESSAGE][INFO] - Starting 'Chrome' driver

06-01-2026T13:12:09 - [MESSAGE][INFO] - Action delay is set to 0 milliseconds

06-01-2026T13:12:11 - [MESSAGE][PASSED] - Browser is opened with url: ''

06-01-2026T13:12:11 - [TEST_STEP][PASSED] - navigateToUrl("https://mbsphr-dev.veecotech.com.my/internal-login-hr"): Navigate to 'https://mbsphr-dev.veecotech.com.my/internal-login-hr' successfully

06-01-2026T13:12:13 - [MESSAGE][PASSED] - Navigate to 'https://mbsphr-dev.veecotech.com.my/internal-login-hr' successfully

06-01-2026T13:12:13 - [TEST_STEP][PASSED] - setText(findTestObject("Object Repository/PAP-jana surat/Page_MBSP - Log Masuk/input__no_ktgn"), "11111"): Text '11111' is set on object 'Object Repository/PAP-jana surat/Page_MBSP - Log Masuk/input__no_ktgn'

06-01-2026T13:12:14 - [MESSAGE][PASSED] - Text '11111' is set on object 'Object Repository/PAP-jana surat/Page_MBSP - Log Masuk/input__no_ktgn'

06-01-2026T13:12:14 - [TEST_STEP][PASSED] - setEncryptedText(findTestObject("Object Repository/PAP-jana surat/Page_MBSP - Log Masuk/input__password"), "ReS8CS55u3r9nXfefBFv2A=="): Text ****** has been set on object 'Object Repository/PAP-jana surat/Page_MBSP - Log Masuk/input__password'

06-01-2026T13:12:14 - [MESSAGE][PASSED] - Text ****** has been set on object 'Object Repository/PAP-jana surat/Page_MBSP - Log Masuk/input__password'

06-01-2026T13:12:14 - [TEST_STEP][PASSED] - click(findTestObject("Object Repository/PAP-jana surat/Page_MBSP - Log Masuk/button__login_button")): Object: 'Object Repository/PAP-jana surat/Page_MBSP - Log Masuk/button__login_button' is clicked on

06-01-2026T13:12:15 - [MESSAGE][PASSED] - Object: 'Object Repository/PAP-jana surat/Page_MBSP - Log Masuk/button__login_button' is clicked on

06-01-2026T13:12:15 - [TEST_STEP][PASSED] - click(findTestObject("Object Repository/PAP-jana surat/Page_MBSP - Dashboard/span_Lapor Diri_dash-mtext")): Object: 'Object Repository/PAP-jana surat/Page_MBSP - Dashboard/span_Lapor Diri_dash-mtext' is clicked on

06-01-2026T13:12:18 - [MESSAGE][PASSED] - Object: 'Object Repository/PAP-jana surat/Page_MBSP - Dashboard/span_Lapor Diri_dash-mtext' is clicked on

06-01-2026T13:12:18 - [TEST_STEP][PASSED] - click(findTestObject("Object Repository/PAP-jana surat/Page_MBSP - Dashboard/span_Permohonan TanahSaham_dash-mtext")): Object: 'Object Repository/PAP-jana surat/Page_MBSP - Dashboard/span_Permohonan TanahSaham_dash-mtext' is clicked on

06-01-2026T13:12:20 - [MESSAGE][PASSED] - Object: 'Object Repository/PAP-jana surat/Page_MBSP - Dashboard/span_Permohonan TanahSaham_dash-mtext' is clicked on

06-01-2026T13:12:20 - [TEST_STEP][PASSED] - click(findTestObject("Object Repository/PAP-jana surat/Page_MBSP - Pemakluman Penglibatan Politik/a__mx-3 btn btn-sm d-flex align-items-cente_89f6a6")): Object: 'Object Repository/PAP-jana surat/Page_MBSP - Pemakluman Penglibatan Politik/a__mx-3 btn btn-sm d-flex align-items-cente_89f6a6' is clicked on

06-01-2026T13:12:21 - [MESSAGE][PASSED] - Object: 'Object Repository/PAP-jana surat/Page_MBSP - Pemakluman Penglibatan Politik/a__mx-3 btn btn-sm d-flex align-items-cente_89f6a6' is clicked on

06-01-2026T13:12:21 - [TEST_STEP][FAILED] - click(findTestObject("Object Repository/PAP-jana surat/Page_MBSP - Pemakluman Penglibatan Politik/a_Muat Turun Surat Kelulusan_btn btn-outlin_f75eb4")): Unable to click on object 'Object Repository/PAP-jana surat/Page_MBSP - Pemakluman Penglibatan Politik/a_Muat Turun Surat Kelulusan_btn btn-outlin_f75eb4' (Root cause: com.kms.katalon.core.exception.StepFailedException: Unable to click on object 'Object Repository/PAP-jana surat/Page_MBSP - Pemakluman Penglibatan Politik/a_Muat Turun Surat Kelulusan_btn btn-outlin_f75eb4'
	at com.kms.katalon.core.webui.keyword.internal.WebUIKeywordMain.stepFailed(WebUIKeywordMain.groovy:177)
	at com.kms.katalon.core.webui.keyword.internal.WebUIKeywordMain.runKeyword(WebUIKeywordMain.groovy:49)
	at com.kms.katalon.core.webui.keyword.internal.WebUIKeywordMain.runKeywordUntilTimeout(WebUIKeywordMain.groovy:133)
	at com.kms.katalon.core.webui.keyword.builtin.ClickKeyword.click(ClickKeyword.groovy:65)
	at com.kms.katalon.core.webui.keyword.builtin.ClickKeyword.execute(ClickKeyword.groovy:38)
	at com.kms.katalon.core.keyword.internal.KeywordExecutor.executeKeywordForPlatform(KeywordExecutor.groovy:89)
	at com.kms.katalon.core.webui.keyword.WebUiBuiltInKeywords.click(WebUiBuiltInKeywords.groovy:721)
	at jana surat.run(jana surat:36)
	at com.kms.katalon.core.main.ScriptEngine.run(ScriptEngine.java:194)
	at com.kms.katalon.core.main.ScriptEngine.runScriptAsRawText(ScriptEngine.java:119)
	at com.kms.katalon.core.main.TestCaseExecutor.runScript(TestCaseExecutor.java:486)
	at com.kms.katalon.core.main.TestCaseExecutor.doExecute(TestCaseExecutor.java:477)
	at com.kms.katalon.core.main.TestCaseExecutor.processExecutionPhase(TestCaseExecutor.java:456)
	at com.kms.katalon.core.main.TestCaseExecutor.accessMainPhase(TestCaseExecutor.java:448)
	at com.kms.katalon.core.main.TestCaseExecutor.execute(TestCaseExecutor.java:322)
	at com.kms.katalon.core.common.CommonExecutor.accessTestCaseMainPhase(CommonExecutor.java:71)
	at com.kms.katalon.core.main.TestSuiteExecutor.accessTestSuiteMainPhase(TestSuiteExecutor.java:145)
	at com.kms.katalon.core.main.TestSuiteExecutor.execute(TestSuiteExecutor.java:104)
	at com.kms.katalon.core.main.TestCaseMain.startTestSuite(TestCaseMain.java:205)
	at TempTestSuite1767676322286.run(TempTestSuite1767676322286.groovy:35)
	at java.base/jdk.internal.reflect.NativeMethodAccessorImpl.invoke0(Native Method)
	at java.base/jdk.internal.reflect.NativeMethodAccessorImpl.invoke(NativeMethodAccessorImpl.java:77)
	at java.base/jdk.internal.reflect.DelegatingMethodAccessorImpl.invoke(DelegatingMethodAccessorImpl.java:43)
Caused by: com.kms.katalon.core.webui.exception.WebElementNotFoundException: Web element with id: 'Object Repository/PAP-jana surat/Page_MBSP - Pemakluman Penglibatan Politik/a_Muat Turun Surat Kelulusan_btn btn-outlin_f75eb4' located by 'By.xpath: //div[@id='view_modal_body']/div/div/div[5]/div/a[2]' not found
	at com.kms.katalon.core.webui.model.WebUiElementFinder.findElementByNormalMethods(WebUiElementFinder.java:193)
	at com.kms.katalon.core.webui.model.WebUiElementFinder.findElementsBySelectedMethod(WebUiElementFinder.java:91)
	at com.kms.katalon.core.webui.model.WebUiElementFinder.findElementsBySelectedMethod(WebUiElementFinder.java:74)
	at com.kms.katalon.core.webui.model.WebUiElementFinder.findElementsBySelectedMethod(WebUiElementFinder.java:69)
	at com.kms.katalon.core.webui.model.WebUiElementFinder.findElement(WebUiElementFinder.java:43)
	at com.kms.katalon.core.webui.model.WebUiElementFinderWithTimeout.basicFindElement(WebUiElementFinderWithTimeout.java:50)
	at com.kms.katalon.core.webui.model.WebUiElementFinderWithTimeout.lambda$0(WebUiElementFinderWithTimeout.java:29)
	at com.kms.katalon.core.webui.model.SeleniumActionRetryController.performAction(SeleniumActionRetryController.java:96)
	at com.kms.katalon.core.webui.model.SeleniumActionRetryController.performAction(SeleniumActionRetryController.java:83)
	at com.kms.katalon.core.webui.model.WebUiElementFinderWithTimeout.findElement(WebUiElementFinderWithTimeout.java:28)
	at com.kms.katalon.core.webui.keyword.internal.WebUIAbstractKeyword.findWebElement(WebUIAbstractKeyword.groovy:96)
	at com.kms.katalon.core.webui.keyword.builtin.ClickKeyword$_click_closure1.doCall(ClickKeyword.groovy:52)
	at java.base/jdk.internal.reflect.NativeMethodAccessorImpl.invoke0(Native Method)
	at java.base/jdk.internal.reflect.NativeMethodAccessorImpl.invoke(NativeMethodAccessorImpl.java:77)
	at java.base/jdk.internal.reflect.DelegatingMethodAccessorImpl.invoke(DelegatingMethodAccessorImpl.java:43)
	at jdk.proxy2/jdk.proxy2.$Proxy46.execute(Unknown Source)
	at com.kms.katalon.core.webui.model.SeleniumActionRetryController.performAction(SeleniumActionRetryController.java:96)
	at com.kms.katalon.core.webui.model.SeleniumActionRetryController.performAction(SeleniumActionRetryController.java:83)
	at com.kms.katalon.core.webui.keyword.internal.WebUIKeywordMain$_runKeywordUntilTimeout_closure1.doCall(WebUIKeywordMain.groovy:135)
	at com.kms.katalon.core.webui.keyword.internal.WebUIKeywordMain$_runKeywordUntilTimeout_closure1.call(WebUIKeywordMain.groovy)
	at com.kms.katalon.core.webui.keyword.internal.WebUIKeywordMain.runKeyword(WebUIKeywordMain.groovy:41)
	at com.kms.katalon.core.webui.keyword.internal.WebUIKeywordMain.runKeywordUntilTimeout(WebUIKeywordMain.groovy:133)
	at com.kms.katalon.core.webui.keyword.builtin.ClickKeyword.click(ClickKeyword.groovy:65)
	at com.kms.katalon.core.webui.keyword.builtin.ClickKeyword.execute(ClickKeyword.groovy:38)
	at com.kms.katalon.core.keyword.internal.KeywordExecutor.executeKeywordForPlatform(KeywordExecutor.groovy:89)
	at com.kms.katalon.core.webui.keyword.WebUiBuiltInKeywords.click(WebUiBuiltInKeywords.groovy:721)
	at Script1767672887815.run(Script1767672887815.groovy:36)
	... 15 more
)

06-01-2026T13:12:31 - [MESSAGE][FAILED] - Unable to click on object 'Object Repository/PAP-jana surat/Page_MBSP - Pemakluman Penglibatan Politik/a_Muat Turun Surat Kelulusan_btn btn-outlin_f75eb4' (Root cause: com.kms.katalon.core.exception.StepFailedException: Unable to click on object 'Object Repository/PAP-jana surat/Page_MBSP - Pemakluman Penglibatan Politik/a_Muat Turun Surat Kelulusan_btn btn-outlin_f75eb4'
	at com.kms.katalon.core.webui.keyword.internal.WebUIKeywordMain.stepFailed(WebUIKeywordMain.groovy:177)
	at com.kms.katalon.core.webui.keyword.internal.WebUIKeywordMain.runKeyword(WebUIKeywordMain.groovy:49)
	at com.kms.katalon.core.webui.keyword.internal.WebUIKeywordMain.runKeywordUntilTimeout(WebUIKeywordMain.groovy:133)
	at com.kms.katalon.core.webui.keyword.builtin.ClickKeyword.click(ClickKeyword.groovy:65)
	at com.kms.katalon.core.webui.keyword.builtin.ClickKeyword.execute(ClickKeyword.groovy:38)
	at com.kms.katalon.core.keyword.internal.KeywordExecutor.executeKeywordForPlatform(KeywordExecutor.groovy:89)
	at com.kms.katalon.core.webui.keyword.WebUiBuiltInKeywords.click(WebUiBuiltInKeywords.groovy:721)
	at jana surat.run(jana surat:36)
	at com.kms.katalon.core.main.ScriptEngine.run(ScriptEngine.java:194)
	at com.kms.katalon.core.main.ScriptEngine.runScriptAsRawText(ScriptEngine.java:119)
	at com.kms.katalon.core.main.TestCaseExecutor.runScript(TestCaseExecutor.java:486)
	at com.kms.katalon.core.main.TestCaseExecutor.doExecute(TestCaseExecutor.java:477)
	at com.kms.katalon.core.main.TestCaseExecutor.processExecutionPhase(TestCaseExecutor.java:456)
	at com.kms.katalon.core.main.TestCaseExecutor.accessMainPhase(TestCaseExecutor.java:448)
	at com.kms.katalon.core.main.TestCaseExecutor.execute(TestCaseExecutor.java:322)
	at com.kms.katalon.core.common.CommonExecutor.accessTestCaseMainPhase(CommonExecutor.java:71)
	at com.kms.katalon.core.main.TestSuiteExecutor.accessTestSuiteMainPhase(TestSuiteExecutor.java:145)
	at com.kms.katalon.core.main.TestSuiteExecutor.execute(TestSuiteExecutor.java:104)
	at com.kms.katalon.core.main.TestCaseMain.startTestSuite(TestCaseMain.java:205)
	at TempTestSuite1767676322286.run(TempTestSuite1767676322286.groovy:35)
	at java.base/jdk.internal.reflect.NativeMethodAccessorImpl.invoke0(Native Method)
	at java.base/jdk.internal.reflect.NativeMethodAccessorImpl.invoke(NativeMethodAccessorImpl.java:77)
	at java.base/jdk.internal.reflect.DelegatingMethodAccessorImpl.invoke(DelegatingMethodAccessorImpl.java:43)
Caused by: com.kms.katalon.core.webui.exception.WebElementNotFoundException: Web element with id: 'Object Repository/PAP-jana surat/Page_MBSP - Pemakluman Penglibatan Politik/a_Muat Turun Surat Kelulusan_btn btn-outlin_f75eb4' located by 'By.xpath: //div[@id='view_modal_body']/div/div/div[5]/div/a[2]' not found
	at com.kms.katalon.core.webui.model.WebUiElementFinder.findElementByNormalMethods(WebUiElementFinder.java:193)
	at com.kms.katalon.core.webui.model.WebUiElementFinder.findElementsBySelectedMethod(WebUiElementFinder.java:91)
	at com.kms.katalon.core.webui.model.WebUiElementFinder.findElementsBySelectedMethod(WebUiElementFinder.java:74)
	at com.kms.katalon.core.webui.model.WebUiElementFinder.findElementsBySelectedMethod(WebUiElementFinder.java:69)
	at com.kms.katalon.core.webui.model.WebUiElementFinder.findElement(WebUiElementFinder.java:43)
	at com.kms.katalon.core.webui.model.WebUiElementFinderWithTimeout.basicFindElement(WebUiElementFinderWithTimeout.java:50)
	at com.kms.katalon.core.webui.model.WebUiElementFinderWithTimeout.lambda$0(WebUiElementFinderWithTimeout.java:29)
	at com.kms.katalon.core.webui.model.SeleniumActionRetryController.performAction(SeleniumActionRetryController.java:96)
	at com.kms.katalon.core.webui.model.SeleniumActionRetryController.performAction(SeleniumActionRetryController.java:83)
	at com.kms.katalon.core.webui.model.WebUiElementFinderWithTimeout.findElement(WebUiElementFinderWithTimeout.java:28)
	at com.kms.katalon.core.webui.keyword.internal.WebUIAbstractKeyword.findWebElement(WebUIAbstractKeyword.groovy:96)
	at com.kms.katalon.core.webui.keyword.builtin.ClickKeyword$_click_closure1.doCall(ClickKeyword.groovy:52)
	at java.base/jdk.internal.reflect.NativeMethodAccessorImpl.invoke0(Native Method)
	at java.base/jdk.internal.reflect.NativeMethodAccessorImpl.invoke(NativeMethodAccessorImpl.java:77)
	at java.base/jdk.internal.reflect.DelegatingMethodAccessorImpl.invoke(DelegatingMethodAccessorImpl.java:43)
	at jdk.proxy2/jdk.proxy2.$Proxy46.execute(Unknown Source)
	at com.kms.katalon.core.webui.model.SeleniumActionRetryController.performAction(SeleniumActionRetryController.java:96)
	at com.kms.katalon.core.webui.model.SeleniumActionRetryController.performAction(SeleniumActionRetryController.java:83)
	at com.kms.katalon.core.webui.keyword.internal.WebUIKeywordMain$_runKeywordUntilTimeout_closure1.doCall(WebUIKeywordMain.groovy:135)
	at com.kms.katalon.core.webui.keyword.internal.WebUIKeywordMain$_runKeywordUntilTimeout_closure1.call(WebUIKeywordMain.groovy)
	at com.kms.katalon.core.webui.keyword.internal.WebUIKeywordMain.runKeyword(WebUIKeywordMain.groovy:41)
	at com.kms.katalon.core.webui.keyword.internal.WebUIKeywordMain.runKeywordUntilTimeout(WebUIKeywordMain.groovy:133)
	at com.kms.katalon.core.webui.keyword.builtin.ClickKeyword.click(ClickKeyword.groovy:65)
	at com.kms.katalon.core.webui.keyword.builtin.ClickKeyword.execute(ClickKeyword.groovy:38)
	at com.kms.katalon.core.keyword.internal.KeywordExecutor.executeKeywordForPlatform(KeywordExecutor.groovy:89)
	at com.kms.katalon.core.webui.keyword.WebUiBuiltInKeywords.click(WebUiBuiltInKeywords.groovy:721)
	at Script1767672887815.run(Script1767672887815.groovy:36)
	... 15 more
)
[[ATTACHMENT|C:\\Users\\bellaa\\OneDrive\\Desktop\\Automation-Testing-MBSP\\Automation-Testing-MBSP\\Reports\\20260106_131202\\permohonan aktiviti politik\\20260106_131202\\1767676351413.png]]]]></system-out>
         <system-err><![CDATA[06-01-2026T13:12:07 - [TEST_CASE][FAILED] - Test Cases/Permohonan Aktiviti Politik/jana surat: Test Cases/Permohonan Aktiviti Politik/jana surat FAILED.
Reason:
com.kms.katalon.core.exception.StepFailedException: Unable to click on object 'Object Repository/PAP-jana surat/Page_MBSP - Pemakluman Penglibatan Politik/a_Muat Turun Surat Kelulusan_btn btn-outlin_f75eb4'
	at com.kms.katalon.core.webui.keyword.internal.WebUIKeywordMain.stepFailed(WebUIKeywordMain.groovy:177)
	at com.kms.katalon.core.webui.keyword.internal.WebUIKeywordMain.runKeyword(WebUIKeywordMain.groovy:49)
	at com.kms.katalon.core.webui.keyword.internal.WebUIKeywordMain.runKeywordUntilTimeout(WebUIKeywordMain.groovy:133)
	at com.kms.katalon.core.webui.keyword.builtin.ClickKeyword.click(ClickKeyword.groovy:65)
	at com.kms.katalon.core.webui.keyword.builtin.ClickKeyword.execute(ClickKeyword.groovy:38)
	at com.kms.katalon.core.keyword.internal.KeywordExecutor.executeKeywordForPlatform(KeywordExecutor.groovy:89)
	at com.kms.katalon.core.webui.keyword.WebUiBuiltInKeywords.click(WebUiBuiltInKeywords.groovy:721)
	at jana surat.run(jana surat:36)
	at com.kms.katalon.core.main.ScriptEngine.run(ScriptEngine.java:194)
	at com.kms.katalon.core.main.ScriptEngine.runScriptAsRawText(ScriptEngine.java:119)
	at com.kms.katalon.core.main.TestCaseExecutor.runScript(TestCaseExecutor.java:486)
	at com.kms.katalon.core.main.TestCaseExecutor.doExecute(TestCaseExecutor.java:477)
	at com.kms.katalon.core.main.TestCaseExecutor.processExecutionPhase(TestCaseExecutor.java:456)
	at com.kms.katalon.core.main.TestCaseExecutor.accessMainPhase(TestCaseExecutor.java:448)
	at com.kms.katalon.core.main.TestCaseExecutor.execute(TestCaseExecutor.java:322)
	at com.kms.katalon.core.common.CommonExecutor.accessTestCaseMainPhase(CommonExecutor.java:71)
	at com.kms.katalon.core.main.TestSuiteExecutor.accessTestSuiteMainPhase(TestSuiteExecutor.java:145)
	at com.kms.katalon.core.main.TestSuiteExecutor.execute(TestSuiteExecutor.java:104)
	at com.kms.katalon.core.main.TestCaseMain.startTestSuite(TestCaseMain.java:205)
	at TempTestSuite1767676322286.run(TempTestSuite1767676322286.groovy:35)
	at java.base/jdk.internal.reflect.NativeMethodAccessorImpl.invoke0(Native Method)
	at java.base/jdk.internal.reflect.NativeMethodAccessorImpl.invoke(NativeMethodAccessorImpl.java:77)
	at java.base/jdk.internal.reflect.DelegatingMethodAccessorImpl.invoke(DelegatingMethodAccessorImpl.java:43)
Caused by: com.kms.katalon.core.webui.exception.WebElementNotFoundException: Web element with id: 'Object Repository/PAP-jana surat/Page_MBSP - Pemakluman Penglibatan Politik/a_Muat Turun Surat Kelulusan_btn btn-outlin_f75eb4' located by 'By.xpath: //div[@id='view_modal_body']/div/div/div[5]/div/a[2]' not found
	at com.kms.katalon.core.webui.model.WebUiElementFinder.findElementByNormalMethods(WebUiElementFinder.java:193)
	at com.kms.katalon.core.webui.model.WebUiElementFinder.findElementsBySelectedMethod(WebUiElementFinder.java:91)
	at com.kms.katalon.core.webui.model.WebUiElementFinder.findElementsBySelectedMethod(WebUiElementFinder.java:74)
	at com.kms.katalon.core.webui.model.WebUiElementFinder.findElementsBySelectedMethod(WebUiElementFinder.java:69)
	at com.kms.katalon.core.webui.model.WebUiElementFinder.findElement(WebUiElementFinder.java:43)
	at com.kms.katalon.core.webui.model.WebUiElementFinderWithTimeout.basicFindElement(WebUiElementFinderWithTimeout.java:50)
	at com.kms.katalon.core.webui.model.WebUiElementFinderWithTimeout.lambda$0(WebUiElementFinderWithTimeout.java:29)
	at com.kms.katalon.core.webui.model.SeleniumActionRetryController.performAction(SeleniumActionRetryController.java:96)
	at com.kms.katalon.core.webui.model.SeleniumActionRetryController.performAction(SeleniumActionRetryController.java:83)
	at com.kms.katalon.core.webui.model.WebUiElementFinderWithTimeout.findElement(WebUiElementFinderWithTimeout.java:28)
	at com.kms.katalon.core.webui.keyword.internal.WebUIAbstractKeyword.findWebElement(WebUIAbstractKeyword.groovy:96)
	at com.kms.katalon.core.webui.keyword.builtin.ClickKeyword$_click_closure1.doCall(ClickKeyword.groovy:52)
	at java.base/jdk.internal.reflect.NativeMethodAccessorImpl.invoke0(Native Method)
	at java.base/jdk.internal.reflect.NativeMethodAccessorImpl.invoke(NativeMethodAccessorImpl.java:77)
	at java.base/jdk.internal.reflect.DelegatingMethodAccessorImpl.invoke(DelegatingMethodAccessorImpl.java:43)
	at jdk.proxy2/jdk.proxy2.$Proxy46.execute(Unknown Source)
	at com.kms.katalon.core.webui.model.SeleniumActionRetryController.performAction(SeleniumActionRetryController.java:96)
	at com.kms.katalon.core.webui.model.SeleniumActionRetryController.performAction(SeleniumActionRetryController.java:83)
	at com.kms.katalon.core.webui.keyword.internal.WebUIKeywordMain$_runKeywordUntilTimeout_closure1.doCall(WebUIKeywordMain.groovy:135)
	at com.kms.katalon.core.webui.keyword.internal.WebUIKeywordMain$_runKeywordUntilTimeout_closure1.call(WebUIKeywordMain.groovy)
	at com.kms.katalon.core.webui.keyword.internal.WebUIKeywordMain.runKeyword(WebUIKeywordMain.groovy:41)
	... 21 more]]></system-err>
      </testcase>
      <testcase name="Test Cases/Permohonan Aktiviti Politik/staff-approval stage (all approved)" time="65.918" classname="Test Cases/Permohonan Aktiviti Politik/staff-approval stage (all approved)" status="PASSED">
         <system-out><![CDATA[06-01-2026T13:12:31 - [TEST_CASE][PASSED] - Test Cases/Permohonan Aktiviti Politik/staff-approval stage (all approved): Test Cases/Permohonan Aktiviti Politik/staff-approval stage (all approved)

06-01-2026T13:12:31 - [TEST_STEP][PASSED] - openBrowser(""): Browser is opened with url: ''

06-01-2026T13:12:32 - [MESSAGE][WARNING] - A browser is already opened. Closing browser and opening a new one

06-01-2026T13:12:32 - [MESSAGE][INFO] - Starting 'Chrome' driver

06-01-2026T13:12:32 - [MESSAGE][INFO] - Action delay is set to 0 milliseconds

06-01-2026T13:12:33 - [MESSAGE][PASSED] - Browser is opened with url: ''

06-01-2026T13:12:33 - [TEST_STEP][PASSED] - navigateToUrl("https://mbsphr-dev.veecotech.com.my/internal-login-hr"): Navigate to 'https://mbsphr-dev.veecotech.com.my/internal-login-hr' successfully

06-01-2026T13:12:34 - [MESSAGE][PASSED] - Navigate to 'https://mbsphr-dev.veecotech.com.my/internal-login-hr' successfully

06-01-2026T13:12:34 - [TEST_STEP][PASSED] - click(findTestObject("Object Repository/PAP-ALL/Page_MBSP - Log Masuk/input__no_ktgn")): Object: 'Object Repository/PAP-ALL/Page_MBSP - Log Masuk/input__no_ktgn' is clicked on

06-01-2026T13:12:35 - [MESSAGE][PASSED] - Object: 'Object Repository/PAP-ALL/Page_MBSP - Log Masuk/input__no_ktgn' is clicked on

06-01-2026T13:12:35 - [TEST_STEP][PASSED] - setText(findTestObject("Object Repository/PAP-ALL/Page_MBSP - Log Masuk/input__no_ktgn"), "99999"): Text '99999' is set on object 'Object Repository/PAP-ALL/Page_MBSP - Log Masuk/input__no_ktgn'

06-01-2026T13:12:36 - [MESSAGE][PASSED] - Text '99999' is set on object 'Object Repository/PAP-ALL/Page_MBSP - Log Masuk/input__no_ktgn'

06-01-2026T13:12:36 - [TEST_STEP][PASSED] - setEncryptedText(findTestObject("Object Repository/PAP-ALL/Page_MBSP - Log Masuk/input__password"), "ReS8CS55u3r9nXfefBFv2A=="): Text ****** has been set on object 'Object Repository/PAP-ALL/Page_MBSP - Log Masuk/input__password'

06-01-2026T13:12:36 - [MESSAGE][PASSED] - Text ****** has been set on object 'Object Repository/PAP-ALL/Page_MBSP - Log Masuk/input__password'

06-01-2026T13:12:36 - [TEST_STEP][PASSED] - click(findTestObject("Object Repository/PAP-ALL/Page_MBSP - Log Masuk/button__login_button")): Object: 'Object Repository/PAP-ALL/Page_MBSP - Log Masuk/button__login_button' is clicked on

06-01-2026T13:12:39 - [MESSAGE][PASSED] - Object: 'Object Repository/PAP-ALL/Page_MBSP - Log Masuk/button__login_button' is clicked on

06-01-2026T13:12:39 - [TEST_STEP][PASSED] - click(findTestObject("Object Repository/PAP-ALL/Page_MBSP - Dashboard/span_Lapor Diri_dash-mtext")): Object: 'Object Repository/PAP-ALL/Page_MBSP - Dashboard/span_Lapor Diri_dash-mtext' is clicked on

06-01-2026T13:12:40 - [MESSAGE][PASSED] - Object: 'Object Repository/PAP-ALL/Page_MBSP - Dashboard/span_Lapor Diri_dash-mtext' is clicked on

06-01-2026T13:12:40 - [TEST_STEP][PASSED] - click(findTestObject("Object Repository/PAP-ALL/Page_MBSP - Dashboard/span_Permohonan TanahSaham_dash-mtext")): Object: 'Object Repository/PAP-ALL/Page_MBSP - Dashboard/span_Permohonan TanahSaham_dash-mtext' is clicked on

06-01-2026T13:12:41 - [MESSAGE][PASSED] - Object: 'Object Repository/PAP-ALL/Page_MBSP - Dashboard/span_Permohonan TanahSaham_dash-mtext' is clicked on

06-01-2026T13:12:41 - [TEST_STEP][PASSED] - click(findTestObject("Object Repository/PAP-ALL/Page_MBSP - Pemakluman Penglibatan Politik/span")): Object: 'Object Repository/PAP-ALL/Page_MBSP - Pemakluman Penglibatan Politik/span' is clicked on

06-01-2026T13:12:42 - [MESSAGE][PASSED] - Object: 'Object Repository/PAP-ALL/Page_MBSP - Pemakluman Penglibatan Politik/span' is clicked on

06-01-2026T13:12:42 - [TEST_STEP][PASSED] - selectOptionByValue(findTestObject("Object Repository/PAP-ALL/Page_MBSP - Permohonan Baru Aktiviti Politik/select__application_type"), "hold_party_office", true): All options with value 'hold_party_office' are selected in object 'Object Repository/PAP-ALL/Page_MBSP - Permohonan Baru Aktiviti Politik/select__application_type'  using regular expression

06-01-2026T13:12:44 - [MESSAGE][PASSED] - All options with value 'hold_party_office' are selected in object 'Object Repository/PAP-ALL/Page_MBSP - Permohonan Baru Aktiviti Politik/select__application_type'  using regular expression

06-01-2026T13:12:44 - [TEST_STEP][PASSED] - setText(findTestObject("Object Repository/PAP-ALL/Page_MBSP - Permohonan Baru Aktiviti Politik/input__party_name"), "MUDA"): Text 'MUDA' is set on object 'Object Repository/PAP-ALL/Page_MBSP - Permohonan Baru Aktiviti Politik/input__party_name'

06-01-2026T13:12:44 - [MESSAGE][PASSED] - Text 'MUDA' is set on object 'Object Repository/PAP-ALL/Page_MBSP - Permohonan Baru Aktiviti Politik/input__party_name'

06-01-2026T13:12:44 - [TEST_STEP][PASSED] - setText(findTestObject("Object Repository/PAP-ALL/Page_MBSP - Permohonan Baru Aktiviti Politik/input_Bahagian  Cawangan_party_branch"), "MUAR"): Text 'MUAR' is set on object 'Object Repository/PAP-ALL/Page_MBSP - Permohonan Baru Aktiviti Politik/input_Bahagian  Cawangan_party_branch'

06-01-2026T13:12:45 - [MESSAGE][PASSED] - Text 'MUAR' is set on object 'Object Repository/PAP-ALL/Page_MBSP - Permohonan Baru Aktiviti Politik/input_Bahagian  Cawangan_party_branch'

06-01-2026T13:12:45 - [TEST_STEP][PASSED] - click(findTestObject("Object Repository/PAP-ALL/Page_MBSP - Permohonan Baru Aktiviti Politik/input_Perakuan_acknowledge")): Object: 'Object Repository/PAP-ALL/Page_MBSP - Permohonan Baru Aktiviti Politik/input_Perakuan_acknowledge' is clicked on

06-01-2026T13:12:45 - [MESSAGE][PASSED] - Object: 'Object Repository/PAP-ALL/Page_MBSP - Permohonan Baru Aktiviti Politik/input_Perakuan_acknowledge' is clicked on

06-01-2026T13:12:45 - [TEST_STEP][PASSED] - click(findTestObject("Object Repository/PAP-ALL/Page_MBSP - Permohonan Baru Aktiviti Politik/button_Batal_btn btn-primary px-4")): Object: 'Object Repository/PAP-ALL/Page_MBSP - Permohonan Baru Aktiviti Politik/button_Batal_btn btn-primary px-4' is clicked on

06-01-2026T13:12:48 - [MESSAGE][PASSED] - Object: 'Object Repository/PAP-ALL/Page_MBSP - Permohonan Baru Aktiviti Politik/button_Batal_btn btn-primary px-4' is clicked on

06-01-2026T13:12:48 - [TEST_STEP][PASSED] - click(findTestObject("Object Repository/PAP-ALL/Page_MBSP - Pemakluman Penglibatan Politik/span_Log Keluar_hide-mob ms-2")): Object: 'Object Repository/PAP-ALL/Page_MBSP - Pemakluman Penglibatan Politik/span_Log Keluar_hide-mob ms-2' is clicked on

06-01-2026T13:12:49 - [MESSAGE][PASSED] - Object: 'Object Repository/PAP-ALL/Page_MBSP - Pemakluman Penglibatan Politik/span_Log Keluar_hide-mob ms-2' is clicked on

06-01-2026T13:12:49 - [TEST_STEP][PASSED] - click(findTestObject("Object Repository/PAP-ALL/Page_MBSP - Pemakluman Penglibatan Politik/a_Konfigurasi Pelatih Amali_dropdown-item")): Object: 'Object Repository/PAP-ALL/Page_MBSP - Pemakluman Penglibatan Politik/a_Konfigurasi Pelatih Amali_dropdown-item' is clicked on

06-01-2026T13:12:51 - [MESSAGE][PASSED] - Object: 'Object Repository/PAP-ALL/Page_MBSP - Pemakluman Penglibatan Politik/a_Konfigurasi Pelatih Amali_dropdown-item' is clicked on

06-01-2026T13:12:51 - [TEST_STEP][PASSED] - setText(findTestObject("Object Repository/PAP-ALL/Page_MBSP - Log Masuk/input__no_ktgn"), "30006"): Text '30006' is set on object 'Object Repository/PAP-ALL/Page_MBSP - Log Masuk/input__no_ktgn'

06-01-2026T13:12:52 - [MESSAGE][PASSED] - Text '30006' is set on object 'Object Repository/PAP-ALL/Page_MBSP - Log Masuk/input__no_ktgn'

06-01-2026T13:12:52 - [TEST_STEP][PASSED] - setEncryptedText(findTestObject("Object Repository/PAP-ALL/Page_MBSP - Log Masuk/input__password"), "ReS8CS55u3r9nXfefBFv2A=="): Text ****** has been set on object 'Object Repository/PAP-ALL/Page_MBSP - Log Masuk/input__password'

06-01-2026T13:12:52 - [MESSAGE][PASSED] - Text ****** has been set on object 'Object Repository/PAP-ALL/Page_MBSP - Log Masuk/input__password'

06-01-2026T13:12:52 - [TEST_STEP][PASSED] - click(findTestObject("Object Repository/PAP-ALL/Page_MBSP - Log Masuk/button__login_button")): Object: 'Object Repository/PAP-ALL/Page_MBSP - Log Masuk/button__login_button' is clicked on

06-01-2026T13:12:54 - [MESSAGE][PASSED] - Object: 'Object Repository/PAP-ALL/Page_MBSP - Log Masuk/button__login_button' is clicked on

06-01-2026T13:12:54 - [TEST_STEP][PASSED] - click(findTestObject("Object Repository/PAP-ALL/Page_MBSP - Dashboard/span_Lapor Diri_dash-mtext")): Object: 'Object Repository/PAP-ALL/Page_MBSP - Dashboard/span_Lapor Diri_dash-mtext' is clicked on

06-01-2026T13:12:55 - [MESSAGE][PASSED] - Object: 'Object Repository/PAP-ALL/Page_MBSP - Dashboard/span_Lapor Diri_dash-mtext' is clicked on

06-01-2026T13:12:55 - [TEST_STEP][PASSED] - click(findTestObject("Object Repository/PAP-ALL/Page_MBSP - Dashboard/span_Permohonan TanahSaham_dash-mtext")): Object: 'Object Repository/PAP-ALL/Page_MBSP - Dashboard/span_Permohonan TanahSaham_dash-mtext' is clicked on

06-01-2026T13:12:56 - [MESSAGE][PASSED] - Object: 'Object Repository/PAP-ALL/Page_MBSP - Dashboard/span_Permohonan TanahSaham_dash-mtext' is clicked on

06-01-2026T13:12:56 - [TEST_STEP][PASSED] - click(findTestObject("Object Repository/PAP-ALL/Page_MBSP - Pemakluman Penglibatan Politik/button_Permohonan Saya_kelulusan-tab")): Object: 'Object Repository/PAP-ALL/Page_MBSP - Pemakluman Penglibatan Politik/button_Permohonan Saya_kelulusan-tab' is clicked on

06-01-2026T13:12:57 - [MESSAGE][PASSED] - Object: 'Object Repository/PAP-ALL/Page_MBSP - Pemakluman Penglibatan Politik/button_Permohonan Saya_kelulusan-tab' is clicked on

06-01-2026T13:12:57 - [TEST_STEP][PASSED] - click(findTestObject("Object Repository/PAP-ALL/Page_MBSP - Pemakluman Penglibatan Politik/a_Dalam Semakan_mx-3 btn btn-sm d-flex alig_e6527c")): Object: 'Object Repository/PAP-ALL/Page_MBSP - Pemakluman Penglibatan Politik/a_Dalam Semakan_mx-3 btn btn-sm d-flex alig_e6527c' is clicked on

06-01-2026T13:12:58 - [MESSAGE][PASSED] - Object: 'Object Repository/PAP-ALL/Page_MBSP - Pemakluman Penglibatan Politik/a_Dalam Semakan_mx-3 btn btn-sm d-flex alig_e6527c' is clicked on

06-01-2026T13:12:58 - [TEST_STEP][PASSED] - selectOptionByValue(findTestObject("Object Repository/PAP-ALL/Page_MBSP - Proses Kelulusan Permohonan Akt_2f367e/select__decision"), "approve", true): All options with value 'approve' are selected in object 'Object Repository/PAP-ALL/Page_MBSP - Proses Kelulusan Permohonan Akt_2f367e/select__decision'  using regular expression

06-01-2026T13:12:59 - [MESSAGE][PASSED] - All options with value 'approve' are selected in object 'Object Repository/PAP-ALL/Page_MBSP - Proses Kelulusan Permohonan Akt_2f367e/select__decision'  using regular expression

06-01-2026T13:12:59 - [TEST_STEP][PASSED] - click(findTestObject("Object Repository/PAP-ALL/Page_MBSP - Proses Kelulusan Permohonan Akt_2f367e/button_Kembali_btn btn-primary")): Object: 'Object Repository/PAP-ALL/Page_MBSP - Proses Kelulusan Permohonan Akt_2f367e/button_Kembali_btn btn-primary' is clicked on

06-01-2026T13:13:00 - [MESSAGE][PASSED] - Object: 'Object Repository/PAP-ALL/Page_MBSP - Proses Kelulusan Permohonan Akt_2f367e/button_Kembali_btn btn-primary' is clicked on

06-01-2026T13:13:00 - [TEST_STEP][PASSED] - click(findTestObject("Object Repository/PAP-ALL/Page_MBSP - Pemakluman Penglibatan Politik/span_Sejarah dan Rekod Buku Perkhidmatan_da_f953a4")): Object: 'Object Repository/PAP-ALL/Page_MBSP - Pemakluman Penglibatan Politik/span_Sejarah dan Rekod Buku Perkhidmatan_da_f953a4' is clicked on

06-01-2026T13:13:09 - [MESSAGE][PASSED] - Object: 'Object Repository/PAP-ALL/Page_MBSP - Pemakluman Penglibatan Politik/span_Sejarah dan Rekod Buku Perkhidmatan_da_f953a4' is clicked on

06-01-2026T13:13:09 - [TEST_STEP][PASSED] - setText(findTestObject("Object Repository/PAP-ALL/Page_MBSP - Log Masuk/input__no_ktgn"), "88888"): Text '88888' is set on object 'Object Repository/PAP-ALL/Page_MBSP - Log Masuk/input__no_ktgn'

06-01-2026T13:13:10 - [MESSAGE][PASSED] - Text '88888' is set on object 'Object Repository/PAP-ALL/Page_MBSP - Log Masuk/input__no_ktgn'

06-01-2026T13:13:10 - [TEST_STEP][PASSED] - setEncryptedText(findTestObject("Object Repository/PAP-ALL/Page_MBSP - Log Masuk/input__password"), "ReS8CS55u3r9nXfefBFv2A=="): Text ****** has been set on object 'Object Repository/PAP-ALL/Page_MBSP - Log Masuk/input__password'

06-01-2026T13:13:10 - [MESSAGE][PASSED] - Text ****** has been set on object 'Object Repository/PAP-ALL/Page_MBSP - Log Masuk/input__password'

06-01-2026T13:13:10 - [TEST_STEP][PASSED] - click(findTestObject("Object Repository/PAP-ALL/Page_MBSP - Log Masuk/button__login_button")): Object: 'Object Repository/PAP-ALL/Page_MBSP - Log Masuk/button__login_button' is clicked on

06-01-2026T13:13:13 - [MESSAGE][PASSED] - Object: 'Object Repository/PAP-ALL/Page_MBSP - Log Masuk/button__login_button' is clicked on

06-01-2026T13:13:13 - [TEST_STEP][PASSED] - click(findTestObject("Object Repository/PAP-ALL/Page_MBSP - Dashboard/span_Lapor Diri_dash-mtext_1")): Object: 'Object Repository/PAP-ALL/Page_MBSP - Dashboard/span_Lapor Diri_dash-mtext_1' is clicked on

06-01-2026T13:13:13 - [MESSAGE][PASSED] - Object: 'Object Repository/PAP-ALL/Page_MBSP - Dashboard/span_Lapor Diri_dash-mtext_1' is clicked on

06-01-2026T13:13:13 - [TEST_STEP][PASSED] - click(findTestObject("Object Repository/PAP-ALL/Page_MBSP - Dashboard/span_Permohonan TanahSaham_dash-mtext")): Object: 'Object Repository/PAP-ALL/Page_MBSP - Dashboard/span_Permohonan TanahSaham_dash-mtext' is clicked on

06-01-2026T13:13:14 - [MESSAGE][PASSED] - Object: 'Object Repository/PAP-ALL/Page_MBSP - Dashboard/span_Permohonan TanahSaham_dash-mtext' is clicked on

06-01-2026T13:13:14 - [TEST_STEP][PASSED] - click(findTestObject("Object Repository/PAP-ALL/Page_MBSP - Pemakluman Penglibatan Politik/button_Permohonan Saya_kelulusan-tab")): Object: 'Object Repository/PAP-ALL/Page_MBSP - Pemakluman Penglibatan Politik/button_Permohonan Saya_kelulusan-tab' is clicked on

06-01-2026T13:13:15 - [MESSAGE][PASSED] - Object: 'Object Repository/PAP-ALL/Page_MBSP - Pemakluman Penglibatan Politik/button_Permohonan Saya_kelulusan-tab' is clicked on

06-01-2026T13:13:15 - [TEST_STEP][PASSED] - click(findTestObject("Object Repository/PAP-ALL/Page_MBSP - Pemakluman Penglibatan Politik/a_Dalam Semakan_mx-3 btn btn-sm d-flex alig_e6527c")): Object: 'Object Repository/PAP-ALL/Page_MBSP - Pemakluman Penglibatan Politik/a_Dalam Semakan_mx-3 btn btn-sm d-flex alig_e6527c' is clicked on

06-01-2026T13:13:17 - [MESSAGE][PASSED] - Object: 'Object Repository/PAP-ALL/Page_MBSP - Pemakluman Penglibatan Politik/a_Dalam Semakan_mx-3 btn btn-sm d-flex alig_e6527c' is clicked on

06-01-2026T13:13:17 - [TEST_STEP][PASSED] - selectOptionByValue(findTestObject("Object Repository/PAP-ALL/Page_MBSP - Proses Kelulusan Permohonan Akt_2f367e/select__decision"), "approve", true): All options with value 'approve' are selected in object 'Object Repository/PAP-ALL/Page_MBSP - Proses Kelulusan Permohonan Akt_2f367e/select__decision'  using regular expression

06-01-2026T13:13:18 - [MESSAGE][PASSED] - All options with value 'approve' are selected in object 'Object Repository/PAP-ALL/Page_MBSP - Proses Kelulusan Permohonan Akt_2f367e/select__decision'  using regular expression

06-01-2026T13:13:18 - [TEST_STEP][PASSED] - click(findTestObject("Object Repository/PAP-ALL/Page_MBSP - Proses Kelulusan Permohonan Akt_2f367e/button_Kembali_btn btn-primary")): Object: 'Object Repository/PAP-ALL/Page_MBSP - Proses Kelulusan Permohonan Akt_2f367e/button_Kembali_btn btn-primary' is clicked on

06-01-2026T13:13:19 - [MESSAGE][PASSED] - Object: 'Object Repository/PAP-ALL/Page_MBSP - Proses Kelulusan Permohonan Akt_2f367e/button_Kembali_btn btn-primary' is clicked on

06-01-2026T13:13:19 - [TEST_STEP][PASSED] - click(findTestObject("Object Repository/PAP-ALL/Page_MBSP - Pemakluman Penglibatan Politik/span_Sejarah dan Rekod Buku Perkhidmatan_da_f953a4")): Object: 'Object Repository/PAP-ALL/Page_MBSP - Pemakluman Penglibatan Politik/span_Sejarah dan Rekod Buku Perkhidmatan_da_f953a4' is clicked on

06-01-2026T13:13:24 - [MESSAGE][PASSED] - Object: 'Object Repository/PAP-ALL/Page_MBSP - Pemakluman Penglibatan Politik/span_Sejarah dan Rekod Buku Perkhidmatan_da_f953a4' is clicked on

06-01-2026T13:13:24 - [TEST_STEP][PASSED] - setText(findTestObject("Object Repository/PAP-ALL/Page_MBSP - Log Masuk/input__no_ktgn"), "30004"): Text '30004' is set on object 'Object Repository/PAP-ALL/Page_MBSP - Log Masuk/input__no_ktgn'

06-01-2026T13:13:25 - [MESSAGE][PASSED] - Text '30004' is set on object 'Object Repository/PAP-ALL/Page_MBSP - Log Masuk/input__no_ktgn'

06-01-2026T13:13:25 - [TEST_STEP][PASSED] - setEncryptedText(findTestObject("Object Repository/PAP-ALL/Page_MBSP - Log Masuk/input__password"), "ReS8CS55u3r9nXfefBFv2A=="): Text ****** has been set on object 'Object Repository/PAP-ALL/Page_MBSP - Log Masuk/input__password'

06-01-2026T13:13:26 - [MESSAGE][PASSED] - Text ****** has been set on object 'Object Repository/PAP-ALL/Page_MBSP - Log Masuk/input__password'

06-01-2026T13:13:26 - [TEST_STEP][PASSED] - click(findTestObject("Object Repository/PAP-ALL/Page_MBSP - Log Masuk/button__login_button")): Object: 'Object Repository/PAP-ALL/Page_MBSP - Log Masuk/button__login_button' is clicked on

06-01-2026T13:13:28 - [MESSAGE][PASSED] - Object: 'Object Repository/PAP-ALL/Page_MBSP - Log Masuk/button__login_button' is clicked on

06-01-2026T13:13:28 - [TEST_STEP][PASSED] - click(findTestObject("Object Repository/PAP-ALL/Page_MBSP - Dashboard/span_Lapor Diri_dash-mtext")): Object: 'Object Repository/PAP-ALL/Page_MBSP - Dashboard/span_Lapor Diri_dash-mtext' is clicked on

06-01-2026T13:13:28 - [MESSAGE][PASSED] - Object: 'Object Repository/PAP-ALL/Page_MBSP - Dashboard/span_Lapor Diri_dash-mtext' is clicked on

06-01-2026T13:13:28 - [TEST_STEP][PASSED] - click(findTestObject("Object Repository/PAP-ALL/Page_MBSP - Dashboard/span_Permohonan TanahSaham_dash-mtext")): Object: 'Object Repository/PAP-ALL/Page_MBSP - Dashboard/span_Permohonan TanahSaham_dash-mtext' is clicked on

06-01-2026T13:13:29 - [MESSAGE][PASSED] - Object: 'Object Repository/PAP-ALL/Page_MBSP - Dashboard/span_Permohonan TanahSaham_dash-mtext' is clicked on

06-01-2026T13:13:29 - [TEST_STEP][PASSED] - click(findTestObject("Object Repository/PAP-ALL/Page_MBSP - Pemakluman Penglibatan Politik/button_Permohonan Saya_kelulusan-tab")): Object: 'Object Repository/PAP-ALL/Page_MBSP - Pemakluman Penglibatan Politik/button_Permohonan Saya_kelulusan-tab' is clicked on

06-01-2026T13:13:30 - [MESSAGE][PASSED] - Object: 'Object Repository/PAP-ALL/Page_MBSP - Pemakluman Penglibatan Politik/button_Permohonan Saya_kelulusan-tab' is clicked on

06-01-2026T13:13:30 - [TEST_STEP][PASSED] - click(findTestObject("Object Repository/PAP-ALL/Page_MBSP - Pemakluman Penglibatan Politik/a_Dalam Semakan_mx-3 btn btn-sm d-flex alig_e6527c")): Object: 'Object Repository/PAP-ALL/Page_MBSP - Pemakluman Penglibatan Politik/a_Dalam Semakan_mx-3 btn btn-sm d-flex alig_e6527c' is clicked on

06-01-2026T13:13:32 - [MESSAGE][PASSED] - Object: 'Object Repository/PAP-ALL/Page_MBSP - Pemakluman Penglibatan Politik/a_Dalam Semakan_mx-3 btn btn-sm d-flex alig_e6527c' is clicked on

06-01-2026T13:13:32 - [TEST_STEP][PASSED] - selectOptionByValue(findTestObject("Object Repository/PAP-ALL/Page_MBSP - Proses Kelulusan Permohonan Akt_2f367e/select__decision"), "approve", true): All options with value 'approve' are selected in object 'Object Repository/PAP-ALL/Page_MBSP - Proses Kelulusan Permohonan Akt_2f367e/select__decision'  using regular expression

06-01-2026T13:13:33 - [MESSAGE][PASSED] - All options with value 'approve' are selected in object 'Object Repository/PAP-ALL/Page_MBSP - Proses Kelulusan Permohonan Akt_2f367e/select__decision'  using regular expression

06-01-2026T13:13:33 - [TEST_STEP][PASSED] - click(findTestObject("Object Repository/PAP-ALL/Page_MBSP - Proses Kelulusan Permohonan Akt_2f367e/button_Kembali_btn btn-primary")): Object: 'Object Repository/PAP-ALL/Page_MBSP - Proses Kelulusan Permohonan Akt_2f367e/button_Kembali_btn btn-primary' is clicked on

06-01-2026T13:13:34 - [MESSAGE][PASSED] - Object: 'Object Repository/PAP-ALL/Page_MBSP - Proses Kelulusan Permohonan Akt_2f367e/button_Kembali_btn btn-primary' is clicked on

06-01-2026T13:13:34 - [TEST_STEP][PASSED] - click(findTestObject("Object Repository/PAP-ALL/Page_MBSP - Pemakluman Penglibatan Politik/button_Permohonan Saya_kelulusan-tab")): Object: 'Object Repository/PAP-ALL/Page_MBSP - Pemakluman Penglibatan Politik/button_Permohonan Saya_kelulusan-tab' is clicked on

06-01-2026T13:13:37 - [MESSAGE][PASSED] - Object: 'Object Repository/PAP-ALL/Page_MBSP - Pemakluman Penglibatan Politik/button_Permohonan Saya_kelulusan-tab' is clicked on]]></system-out>
         <system-err><![CDATA[]]></system-err>
      </testcase>
      <testcase name="Test Cases/Permohonan Aktiviti Politik/staff-approval stage (all approved-bersara)" time="66.924" classname="Test Cases/Permohonan Aktiviti Politik/staff-approval stage (all approved-bersara)" status="PASSED">
         <system-out><![CDATA[06-01-2026T13:13:37 - [TEST_CASE][PASSED] - Test Cases/Permohonan Aktiviti Politik/staff-approval stage (all approved-bersara): Test Cases/Permohonan Aktiviti Politik/staff-approval stage (all approved-bersara)

06-01-2026T13:13:37 - [TEST_STEP][PASSED] - openBrowser(""): Browser is opened with url: ''

06-01-2026T13:13:37 - [MESSAGE][WARNING] - A browser is already opened. Closing browser and opening a new one

06-01-2026T13:13:38 - [MESSAGE][INFO] - Starting 'Chrome' driver

06-01-2026T13:13:38 - [MESSAGE][INFO] - Action delay is set to 0 milliseconds

06-01-2026T13:13:39 - [MESSAGE][PASSED] - Browser is opened with url: ''

06-01-2026T13:13:39 - [TEST_STEP][PASSED] - navigateToUrl("https://mbsphr-dev.veecotech.com.my/internal-login-hr"): Navigate to 'https://mbsphr-dev.veecotech.com.my/internal-login-hr' successfully

06-01-2026T13:13:40 - [MESSAGE][PASSED] - Navigate to 'https://mbsphr-dev.veecotech.com.my/internal-login-hr' successfully

06-01-2026T13:13:40 - [TEST_STEP][PASSED] - setText(findTestObject("Object Repository/PAP-ALL (BERSARA)/Page_MBSP - Log Masuk/input__no_ktgn"), "11111"): Text '11111' is set on object 'Object Repository/PAP-ALL (BERSARA)/Page_MBSP - Log Masuk/input__no_ktgn'

06-01-2026T13:13:50 - [MESSAGE][WARNING] - Waiting for element timed out

06-01-2026T13:13:50 - [MESSAGE][PASSED] - Text '11111' is set on object 'Object Repository/PAP-ALL (BERSARA)/Page_MBSP - Log Masuk/input__no_ktgn'

06-01-2026T13:13:50 - [TEST_STEP][PASSED] - setEncryptedText(findTestObject("Object Repository/PAP-ALL (BERSARA)/Page_MBSP - Log Masuk/input__password"), "ReS8CS55u3r9nXfefBFv2A=="): Text ****** has been set on object 'Object Repository/PAP-ALL (BERSARA)/Page_MBSP - Log Masuk/input__password'

06-01-2026T13:13:51 - [MESSAGE][PASSED] - Text ****** has been set on object 'Object Repository/PAP-ALL (BERSARA)/Page_MBSP - Log Masuk/input__password'

06-01-2026T13:13:51 - [TEST_STEP][PASSED] - click(findTestObject("Object Repository/PAP-ALL (BERSARA)/Page_MBSP - Log Masuk/button__login_button")): Object: 'Object Repository/PAP-ALL (BERSARA)/Page_MBSP - Log Masuk/button__login_button' is clicked on

06-01-2026T13:13:51 - [MESSAGE][PASSED] - Object: 'Object Repository/PAP-ALL (BERSARA)/Page_MBSP - Log Masuk/button__login_button' is clicked on

06-01-2026T13:13:51 - [TEST_STEP][PASSED] - click(findTestObject("Object Repository/PAP-ALL (BERSARA)/Page_MBSP - Dashboard/span_Lapor Diri_dash-mtext")): Object: 'Object Repository/PAP-ALL (BERSARA)/Page_MBSP - Dashboard/span_Lapor Diri_dash-mtext' is clicked on

06-01-2026T13:13:55 - [MESSAGE][PASSED] - Object: 'Object Repository/PAP-ALL (BERSARA)/Page_MBSP - Dashboard/span_Lapor Diri_dash-mtext' is clicked on

06-01-2026T13:13:55 - [TEST_STEP][PASSED] - click(findTestObject("Object Repository/PAP-ALL (BERSARA)/Page_MBSP - Dashboard/span_Permohonan TanahSaham_dash-mtext")): Object: 'Object Repository/PAP-ALL (BERSARA)/Page_MBSP - Dashboard/span_Permohonan TanahSaham_dash-mtext' is clicked on

06-01-2026T13:13:56 - [MESSAGE][PASSED] - Object: 'Object Repository/PAP-ALL (BERSARA)/Page_MBSP - Dashboard/span_Permohonan TanahSaham_dash-mtext' is clicked on

06-01-2026T13:13:56 - [TEST_STEP][PASSED] - click(findTestObject("Object Repository/PAP-ALL (BERSARA)/Page_MBSP - Pemakluman Penglibatan Politik/a_Eksport_btn btn-sm btn-secondary")): Object: 'Object Repository/PAP-ALL (BERSARA)/Page_MBSP - Pemakluman Penglibatan Politik/a_Eksport_btn btn-sm btn-secondary' is clicked on

06-01-2026T13:13:58 - [MESSAGE][PASSED] - Object: 'Object Repository/PAP-ALL (BERSARA)/Page_MBSP - Pemakluman Penglibatan Politik/a_Eksport_btn btn-sm btn-secondary' is clicked on

06-01-2026T13:13:58 - [TEST_STEP][PASSED] - selectOptionByValue(findTestObject("Object Repository/PAP-ALL (BERSARA)/Page_MBSP - Permohonan Baru Aktiviti Politik/select__application_type"), "pre_retirement_activity", true): All options with value 'pre_retirement_activity' are selected in object 'Object Repository/PAP-ALL (BERSARA)/Page_MBSP - Permohonan Baru Aktiviti Politik/select__application_type'  using regular expression

06-01-2026T13:13:59 - [MESSAGE][PASSED] - All options with value 'pre_retirement_activity' are selected in object 'Object Repository/PAP-ALL (BERSARA)/Page_MBSP - Permohonan Baru Aktiviti Politik/select__application_type'  using regular expression

06-01-2026T13:13:59 - [TEST_STEP][PASSED] - setText(findTestObject("Object Repository/PAP-ALL (BERSARA)/Page_MBSP - Permohonan Baru Aktiviti Politik/input__party_name"), "DAP"): Text 'DAP' is set on object 'Object Repository/PAP-ALL (BERSARA)/Page_MBSP - Permohonan Baru Aktiviti Politik/input__party_name'

06-01-2026T13:14:00 - [MESSAGE][PASSED] - Text 'DAP' is set on object 'Object Repository/PAP-ALL (BERSARA)/Page_MBSP - Permohonan Baru Aktiviti Politik/input__party_name'

06-01-2026T13:14:00 - [TEST_STEP][PASSED] - click(findTestObject("Object Repository/PAP-ALL (BERSARA)/Page_MBSP - Permohonan Baru Aktiviti Politik/input_Perakuan_acknowledge")): Object: 'Object Repository/PAP-ALL (BERSARA)/Page_MBSP - Permohonan Baru Aktiviti Politik/input_Perakuan_acknowledge' is clicked on

06-01-2026T13:14:00 - [MESSAGE][PASSED] - Object: 'Object Repository/PAP-ALL (BERSARA)/Page_MBSP - Permohonan Baru Aktiviti Politik/input_Perakuan_acknowledge' is clicked on

06-01-2026T13:14:00 - [TEST_STEP][PASSED] - click(findTestObject("Object Repository/PAP-ALL (BERSARA)/Page_MBSP - Permohonan Baru Aktiviti Politik/button_Batal_btn btn-primary px-4")): Object: 'Object Repository/PAP-ALL (BERSARA)/Page_MBSP - Permohonan Baru Aktiviti Politik/button_Batal_btn btn-primary px-4' is clicked on

06-01-2026T13:14:01 - [MESSAGE][PASSED] - Object: 'Object Repository/PAP-ALL (BERSARA)/Page_MBSP - Permohonan Baru Aktiviti Politik/button_Batal_btn btn-primary px-4' is clicked on

06-01-2026T13:14:01 - [TEST_STEP][PASSED] - click(findTestObject("Object Repository/PAP-ALL (BERSARA)/Page_MBSP - Pemakluman Penglibatan Politik/span_Log Keluar_hide-mob ms-2")): Object: 'Object Repository/PAP-ALL (BERSARA)/Page_MBSP - Pemakluman Penglibatan Politik/span_Log Keluar_hide-mob ms-2' is clicked on

06-01-2026T13:14:01 - [MESSAGE][PASSED] - Object: 'Object Repository/PAP-ALL (BERSARA)/Page_MBSP - Pemakluman Penglibatan Politik/span_Log Keluar_hide-mob ms-2' is clicked on

06-01-2026T13:14:01 - [TEST_STEP][PASSED] - click(findTestObject("Object Repository/PAP-ALL (BERSARA)/Page_MBSP - Pemakluman Penglibatan Politik/a_Konfigurasi Pelatih Amali_dropdown-item")): Object: 'Object Repository/PAP-ALL (BERSARA)/Page_MBSP - Pemakluman Penglibatan Politik/a_Konfigurasi Pelatih Amali_dropdown-item' is clicked on

06-01-2026T13:14:01 - [MESSAGE][PASSED] - Object: 'Object Repository/PAP-ALL (BERSARA)/Page_MBSP - Pemakluman Penglibatan Politik/a_Konfigurasi Pelatih Amali_dropdown-item' is clicked on

06-01-2026T13:14:01 - [TEST_STEP][PASSED] - setText(findTestObject("Object Repository/PAP-ALL (BERSARA)/Page_MBSP - Log Masuk/input__no_ktgn"), "30006"): Text '30006' is set on object 'Object Repository/PAP-ALL (BERSARA)/Page_MBSP - Log Masuk/input__no_ktgn'

06-01-2026T13:14:04 - [MESSAGE][PASSED] - Text '30006' is set on object 'Object Repository/PAP-ALL (BERSARA)/Page_MBSP - Log Masuk/input__no_ktgn'

06-01-2026T13:14:04 - [TEST_STEP][PASSED] - setEncryptedText(findTestObject("Object Repository/PAP-ALL (BERSARA)/Page_MBSP - Log Masuk/input__password"), "ReS8CS55u3r9nXfefBFv2A=="): Text ****** has been set on object 'Object Repository/PAP-ALL (BERSARA)/Page_MBSP - Log Masuk/input__password'

06-01-2026T13:14:04 - [MESSAGE][PASSED] - Text ****** has been set on object 'Object Repository/PAP-ALL (BERSARA)/Page_MBSP - Log Masuk/input__password'

06-01-2026T13:14:04 - [TEST_STEP][PASSED] - click(findTestObject("Object Repository/PAP-ALL (BERSARA)/Page_MBSP - Log Masuk/button__login_button")): Object: 'Object Repository/PAP-ALL (BERSARA)/Page_MBSP - Log Masuk/button__login_button' is clicked on

06-01-2026T13:14:06 - [MESSAGE][PASSED] - Object: 'Object Repository/PAP-ALL (BERSARA)/Page_MBSP - Log Masuk/button__login_button' is clicked on

06-01-2026T13:14:06 - [TEST_STEP][PASSED] - click(findTestObject("Object Repository/PAP-ALL (BERSARA)/Page_MBSP - Dashboard/span_Lapor Diri_dash-mtext")): Object: 'Object Repository/PAP-ALL (BERSARA)/Page_MBSP - Dashboard/span_Lapor Diri_dash-mtext' is clicked on

06-01-2026T13:14:07 - [MESSAGE][PASSED] - Object: 'Object Repository/PAP-ALL (BERSARA)/Page_MBSP - Dashboard/span_Lapor Diri_dash-mtext' is clicked on

06-01-2026T13:14:07 - [TEST_STEP][PASSED] - click(findTestObject("Object Repository/PAP-ALL (BERSARA)/Page_MBSP - Dashboard/span_Permohonan TanahSaham_dash-mtext")): Object: 'Object Repository/PAP-ALL (BERSARA)/Page_MBSP - Dashboard/span_Permohonan TanahSaham_dash-mtext' is clicked on

06-01-2026T13:14:08 - [MESSAGE][PASSED] - Object: 'Object Repository/PAP-ALL (BERSARA)/Page_MBSP - Dashboard/span_Permohonan TanahSaham_dash-mtext' is clicked on

06-01-2026T13:14:08 - [TEST_STEP][PASSED] - click(findTestObject("Object Repository/PAP-ALL (BERSARA)/Page_MBSP - Pemakluman Penglibatan Politik/button_Permohonan Saya_kelulusan-tab")): Object: 'Object Repository/PAP-ALL (BERSARA)/Page_MBSP - Pemakluman Penglibatan Politik/button_Permohonan Saya_kelulusan-tab' is clicked on

06-01-2026T13:14:09 - [MESSAGE][PASSED] - Object: 'Object Repository/PAP-ALL (BERSARA)/Page_MBSP - Pemakluman Penglibatan Politik/button_Permohonan Saya_kelulusan-tab' is clicked on

06-01-2026T13:14:09 - [TEST_STEP][PASSED] - click(findTestObject("Object Repository/PAP-ALL (BERSARA)/Page_MBSP - Pemakluman Penglibatan Politik/a_Dalam Semakan_mx-3 btn btn-sm d-flex alig_e6527c")): Object: 'Object Repository/PAP-ALL (BERSARA)/Page_MBSP - Pemakluman Penglibatan Politik/a_Dalam Semakan_mx-3 btn btn-sm d-flex alig_e6527c' is clicked on

06-01-2026T13:14:11 - [MESSAGE][PASSED] - Object: 'Object Repository/PAP-ALL (BERSARA)/Page_MBSP - Pemakluman Penglibatan Politik/a_Dalam Semakan_mx-3 btn btn-sm d-flex alig_e6527c' is clicked on

06-01-2026T13:14:11 - [TEST_STEP][PASSED] - selectOptionByValue(findTestObject("Object Repository/PAP-ALL (BERSARA)/Page_MBSP - Proses Kelulusan Permohonan Akt_2f367e/select__decision"), "approve", true): All options with value 'approve' are selected in object 'Object Repository/PAP-ALL (BERSARA)/Page_MBSP - Proses Kelulusan Permohonan Akt_2f367e/select__decision'  using regular expression

06-01-2026T13:14:12 - [MESSAGE][PASSED] - All options with value 'approve' are selected in object 'Object Repository/PAP-ALL (BERSARA)/Page_MBSP - Proses Kelulusan Permohonan Akt_2f367e/select__decision'  using regular expression

06-01-2026T13:14:12 - [TEST_STEP][PASSED] - click(findTestObject("Object Repository/PAP-ALL (BERSARA)/Page_MBSP - Proses Kelulusan Permohonan Akt_2f367e/button_Kembali_btn btn-primary")): Object: 'Object Repository/PAP-ALL (BERSARA)/Page_MBSP - Proses Kelulusan Permohonan Akt_2f367e/button_Kembali_btn btn-primary' is clicked on

06-01-2026T13:14:12 - [MESSAGE][PASSED] - Object: 'Object Repository/PAP-ALL (BERSARA)/Page_MBSP - Proses Kelulusan Permohonan Akt_2f367e/button_Kembali_btn btn-primary' is clicked on

06-01-2026T13:14:12 - [TEST_STEP][PASSED] - click(findTestObject("Object Repository/PAP-ALL (BERSARA)/Page_MBSP - Pemakluman Penglibatan Politik/span_Sejarah dan Rekod Buku Perkhidmatan_da_f953a4")): Object: 'Object Repository/PAP-ALL (BERSARA)/Page_MBSP - Pemakluman Penglibatan Politik/span_Sejarah dan Rekod Buku Perkhidmatan_da_f953a4' is clicked on

06-01-2026T13:14:18 - [MESSAGE][PASSED] - Object: 'Object Repository/PAP-ALL (BERSARA)/Page_MBSP - Pemakluman Penglibatan Politik/span_Sejarah dan Rekod Buku Perkhidmatan_da_f953a4' is clicked on

06-01-2026T13:14:18 - [TEST_STEP][PASSED] - setText(findTestObject("Object Repository/PAP-ALL (BERSARA)/Page_MBSP - Log Masuk/input__no_ktgn"), "88888"): Text '88888' is set on object 'Object Repository/PAP-ALL (BERSARA)/Page_MBSP - Log Masuk/input__no_ktgn'

06-01-2026T13:14:19 - [MESSAGE][PASSED] - Text '88888' is set on object 'Object Repository/PAP-ALL (BERSARA)/Page_MBSP - Log Masuk/input__no_ktgn'

06-01-2026T13:14:19 - [TEST_STEP][PASSED] - setEncryptedText(findTestObject("Object Repository/PAP-ALL (BERSARA)/Page_MBSP - Log Masuk/input__password"), "ReS8CS55u3r9nXfefBFv2A=="): Text ****** has been set on object 'Object Repository/PAP-ALL (BERSARA)/Page_MBSP - Log Masuk/input__password'

06-01-2026T13:14:19 - [MESSAGE][PASSED] - Text ****** has been set on object 'Object Repository/PAP-ALL (BERSARA)/Page_MBSP - Log Masuk/input__password'

06-01-2026T13:14:19 - [TEST_STEP][PASSED] - click(findTestObject("Object Repository/PAP-ALL (BERSARA)/Page_MBSP - Log Masuk/button__login_button")): Object: 'Object Repository/PAP-ALL (BERSARA)/Page_MBSP - Log Masuk/button__login_button' is clicked on

06-01-2026T13:14:21 - [MESSAGE][PASSED] - Object: 'Object Repository/PAP-ALL (BERSARA)/Page_MBSP - Log Masuk/button__login_button' is clicked on

06-01-2026T13:14:21 - [TEST_STEP][PASSED] - click(findTestObject("Object Repository/PAP-ALL (BERSARA)/Page_MBSP - Dashboard/span_Lapor Diri_dash-mtext_1")): Object: 'Object Repository/PAP-ALL (BERSARA)/Page_MBSP - Dashboard/span_Lapor Diri_dash-mtext_1' is clicked on

06-01-2026T13:14:22 - [MESSAGE][PASSED] - Object: 'Object Repository/PAP-ALL (BERSARA)/Page_MBSP - Dashboard/span_Lapor Diri_dash-mtext_1' is clicked on

06-01-2026T13:14:22 - [TEST_STEP][PASSED] - click(findTestObject("Object Repository/PAP-ALL (BERSARA)/Page_MBSP - Dashboard/span_Permohonan TanahSaham_dash-mtext")): Object: 'Object Repository/PAP-ALL (BERSARA)/Page_MBSP - Dashboard/span_Permohonan TanahSaham_dash-mtext' is clicked on

06-01-2026T13:14:23 - [MESSAGE][PASSED] - Object: 'Object Repository/PAP-ALL (BERSARA)/Page_MBSP - Dashboard/span_Permohonan TanahSaham_dash-mtext' is clicked on

06-01-2026T13:14:23 - [TEST_STEP][PASSED] - click(findTestObject("Object Repository/PAP-ALL (BERSARA)/Page_MBSP - Pemakluman Penglibatan Politik/button_Permohonan Saya_kelulusan-tab")): Object: 'Object Repository/PAP-ALL (BERSARA)/Page_MBSP - Pemakluman Penglibatan Politik/button_Permohonan Saya_kelulusan-tab' is clicked on

06-01-2026T13:14:24 - [MESSAGE][PASSED] - Object: 'Object Repository/PAP-ALL (BERSARA)/Page_MBSP - Pemakluman Penglibatan Politik/button_Permohonan Saya_kelulusan-tab' is clicked on

06-01-2026T13:14:24 - [TEST_STEP][PASSED] - click(findTestObject("Object Repository/PAP-ALL (BERSARA)/Page_MBSP - Pemakluman Penglibatan Politik/a_Dalam Semakan_mx-3 btn btn-sm d-flex alig_e6527c")): Object: 'Object Repository/PAP-ALL (BERSARA)/Page_MBSP - Pemakluman Penglibatan Politik/a_Dalam Semakan_mx-3 btn btn-sm d-flex alig_e6527c' is clicked on

06-01-2026T13:14:26 - [MESSAGE][PASSED] - Object: 'Object Repository/PAP-ALL (BERSARA)/Page_MBSP - Pemakluman Penglibatan Politik/a_Dalam Semakan_mx-3 btn btn-sm d-flex alig_e6527c' is clicked on

06-01-2026T13:14:26 - [TEST_STEP][PASSED] - selectOptionByValue(findTestObject("Object Repository/PAP-ALL (BERSARA)/Page_MBSP - Proses Kelulusan Permohonan Akt_2f367e/select__decision"), "approve", true): All options with value 'approve' are selected in object 'Object Repository/PAP-ALL (BERSARA)/Page_MBSP - Proses Kelulusan Permohonan Akt_2f367e/select__decision'  using regular expression

06-01-2026T13:14:27 - [MESSAGE][PASSED] - All options with value 'approve' are selected in object 'Object Repository/PAP-ALL (BERSARA)/Page_MBSP - Proses Kelulusan Permohonan Akt_2f367e/select__decision'  using regular expression

06-01-2026T13:14:27 - [TEST_STEP][PASSED] - setText(findTestObject("Object Repository/PAP-ALL (BERSARA)/Page_MBSP - Proses Kelulusan Permohonan Akt_2f367e/textarea_Catatan  Komen_remarks"), "BAGUS"): Text 'BAGUS' is set on object 'Object Repository/PAP-ALL (BERSARA)/Page_MBSP - Proses Kelulusan Permohonan Akt_2f367e/textarea_Catatan  Komen_remarks'

06-01-2026T13:14:28 - [MESSAGE][PASSED] - Text 'BAGUS' is set on object 'Object Repository/PAP-ALL (BERSARA)/Page_MBSP - Proses Kelulusan Permohonan Akt_2f367e/textarea_Catatan  Komen_remarks'

06-01-2026T13:14:28 - [TEST_STEP][PASSED] - click(findTestObject("Object Repository/PAP-ALL (BERSARA)/Page_MBSP - Proses Kelulusan Permohonan Akt_2f367e/button_Kembali_btn btn-primary")): Object: 'Object Repository/PAP-ALL (BERSARA)/Page_MBSP - Proses Kelulusan Permohonan Akt_2f367e/button_Kembali_btn btn-primary' is clicked on

06-01-2026T13:14:28 - [MESSAGE][PASSED] - Object: 'Object Repository/PAP-ALL (BERSARA)/Page_MBSP - Proses Kelulusan Permohonan Akt_2f367e/button_Kembali_btn btn-primary' is clicked on

06-01-2026T13:14:28 - [TEST_STEP][PASSED] - click(findTestObject("Object Repository/PAP-ALL (BERSARA)/Page_MBSP - Pemakluman Penglibatan Politik/span_Sejarah dan Rekod Buku Perkhidmatan_da_f953a4")): Object: 'Object Repository/PAP-ALL (BERSARA)/Page_MBSP - Pemakluman Penglibatan Politik/span_Sejarah dan Rekod Buku Perkhidmatan_da_f953a4' is clicked on

06-01-2026T13:14:32 - [MESSAGE][PASSED] - Object: 'Object Repository/PAP-ALL (BERSARA)/Page_MBSP - Pemakluman Penglibatan Politik/span_Sejarah dan Rekod Buku Perkhidmatan_da_f953a4' is clicked on

06-01-2026T13:14:32 - [TEST_STEP][PASSED] - setText(findTestObject("Object Repository/PAP-ALL (BERSARA)/Page_MBSP - Log Masuk/input__no_ktgn"), "30004"): Text '30004' is set on object 'Object Repository/PAP-ALL (BERSARA)/Page_MBSP - Log Masuk/input__no_ktgn'

06-01-2026T13:14:33 - [MESSAGE][PASSED] - Text '30004' is set on object 'Object Repository/PAP-ALL (BERSARA)/Page_MBSP - Log Masuk/input__no_ktgn'

06-01-2026T13:14:33 - [TEST_STEP][PASSED] - setEncryptedText(findTestObject("Object Repository/PAP-ALL (BERSARA)/Page_MBSP - Log Masuk/input__password"), "ReS8CS55u3r9nXfefBFv2A=="): Text ****** has been set on object 'Object Repository/PAP-ALL (BERSARA)/Page_MBSP - Log Masuk/input__password'

06-01-2026T13:14:33 - [MESSAGE][PASSED] - Text ****** has been set on object 'Object Repository/PAP-ALL (BERSARA)/Page_MBSP - Log Masuk/input__password'

06-01-2026T13:14:33 - [TEST_STEP][PASSED] - click(findTestObject("Object Repository/PAP-ALL (BERSARA)/Page_MBSP - Log Masuk/button__login_button")): Object: 'Object Repository/PAP-ALL (BERSARA)/Page_MBSP - Log Masuk/button__login_button' is clicked on

06-01-2026T13:14:35 - [MESSAGE][PASSED] - Object: 'Object Repository/PAP-ALL (BERSARA)/Page_MBSP - Log Masuk/button__login_button' is clicked on

06-01-2026T13:14:35 - [TEST_STEP][PASSED] - click(findTestObject("Object Repository/PAP-ALL (BERSARA)/Page_MBSP - Dashboard/span_Lapor Diri_dash-mtext")): Object: 'Object Repository/PAP-ALL (BERSARA)/Page_MBSP - Dashboard/span_Lapor Diri_dash-mtext' is clicked on

06-01-2026T13:14:36 - [MESSAGE][PASSED] - Object: 'Object Repository/PAP-ALL (BERSARA)/Page_MBSP - Dashboard/span_Lapor Diri_dash-mtext' is clicked on

06-01-2026T13:14:36 - [TEST_STEP][PASSED] - click(findTestObject("Object Repository/PAP-ALL (BERSARA)/Page_MBSP - Dashboard/span_Permohonan TanahSaham_dash-mtext")): Object: 'Object Repository/PAP-ALL (BERSARA)/Page_MBSP - Dashboard/span_Permohonan TanahSaham_dash-mtext' is clicked on

06-01-2026T13:14:37 - [MESSAGE][PASSED] - Object: 'Object Repository/PAP-ALL (BERSARA)/Page_MBSP - Dashboard/span_Permohonan TanahSaham_dash-mtext' is clicked on

06-01-2026T13:14:37 - [TEST_STEP][PASSED] - click(findTestObject("Object Repository/PAP-ALL (BERSARA)/Page_MBSP - Pemakluman Penglibatan Politik/button_Permohonan Saya_kelulusan-tab")): Object: 'Object Repository/PAP-ALL (BERSARA)/Page_MBSP - Pemakluman Penglibatan Politik/button_Permohonan Saya_kelulusan-tab' is clicked on

06-01-2026T13:14:38 - [MESSAGE][PASSED] - Object: 'Object Repository/PAP-ALL (BERSARA)/Page_MBSP - Pemakluman Penglibatan Politik/button_Permohonan Saya_kelulusan-tab' is clicked on

06-01-2026T13:14:38 - [TEST_STEP][PASSED] - click(findTestObject("Object Repository/PAP-ALL (BERSARA)/Page_MBSP - Pemakluman Penglibatan Politik/a_Dalam Semakan_mx-3 btn btn-sm d-flex alig_e6527c")): Object: 'Object Repository/PAP-ALL (BERSARA)/Page_MBSP - Pemakluman Penglibatan Politik/a_Dalam Semakan_mx-3 btn btn-sm d-flex alig_e6527c' is clicked on

06-01-2026T13:14:40 - [MESSAGE][PASSED] - Object: 'Object Repository/PAP-ALL (BERSARA)/Page_MBSP - Pemakluman Penglibatan Politik/a_Dalam Semakan_mx-3 btn btn-sm d-flex alig_e6527c' is clicked on

06-01-2026T13:14:40 - [TEST_STEP][PASSED] - selectOptionByValue(findTestObject("Object Repository/PAP-ALL (BERSARA)/Page_MBSP - Proses Kelulusan Permohonan Akt_2f367e/select__decision"), "approve", true): All options with value 'approve' are selected in object 'Object Repository/PAP-ALL (BERSARA)/Page_MBSP - Proses Kelulusan Permohonan Akt_2f367e/select__decision'  using regular expression

06-01-2026T13:14:41 - [MESSAGE][PASSED] - All options with value 'approve' are selected in object 'Object Repository/PAP-ALL (BERSARA)/Page_MBSP - Proses Kelulusan Permohonan Akt_2f367e/select__decision'  using regular expression

06-01-2026T13:14:41 - [TEST_STEP][PASSED] - click(findTestObject("Object Repository/PAP-ALL (BERSARA)/Page_MBSP - Proses Kelulusan Permohonan Akt_2f367e/button_Kembali_btn btn-primary")): Object: 'Object Repository/PAP-ALL (BERSARA)/Page_MBSP - Proses Kelulusan Permohonan Akt_2f367e/button_Kembali_btn btn-primary' is clicked on

06-01-2026T13:14:41 - [MESSAGE][PASSED] - Object: 'Object Repository/PAP-ALL (BERSARA)/Page_MBSP - Proses Kelulusan Permohonan Akt_2f367e/button_Kembali_btn btn-primary' is clicked on

06-01-2026T13:14:41 - [TEST_STEP][PASSED] - click(findTestObject("Object Repository/PAP-ALL (BERSARA)/Page_MBSP - Pemakluman Penglibatan Politik/button_Permohonan Saya_kelulusan-tab")): Object: 'Object Repository/PAP-ALL (BERSARA)/Page_MBSP - Pemakluman Penglibatan Politik/button_Permohonan Saya_kelulusan-tab' is clicked on

06-01-2026T13:14:44 - [MESSAGE][PASSED] - Object: 'Object Repository/PAP-ALL (BERSARA)/Page_MBSP - Pemakluman Penglibatan Politik/button_Permohonan Saya_kelulusan-tab' is clicked on]]></system-out>
         <system-err><![CDATA[]]></system-err>
      </testcase>
      <testcase name="Test Cases/Permohonan Aktiviti Politik/staff-approval stage (db reject)" time="62.823" classname="Test Cases/Permohonan Aktiviti Politik/staff-approval stage (db reject)" status="PASSED">
         <system-out><![CDATA[06-01-2026T13:14:44 - [TEST_CASE][PASSED] - Test Cases/Permohonan Aktiviti Politik/staff-approval stage (db reject): Test Cases/Permohonan Aktiviti Politik/staff-approval stage (db reject)

06-01-2026T13:14:44 - [TEST_STEP][PASSED] - openBrowser(""): Browser is opened with url: ''

06-01-2026T13:14:44 - [MESSAGE][WARNING] - A browser is already opened. Closing browser and opening a new one

06-01-2026T13:14:44 - [MESSAGE][INFO] - Starting 'Chrome' driver

06-01-2026T13:14:44 - [MESSAGE][INFO] - Action delay is set to 0 milliseconds

06-01-2026T13:14:46 - [MESSAGE][PASSED] - Browser is opened with url: ''

06-01-2026T13:14:46 - [TEST_STEP][PASSED] - navigateToUrl("https://mbsphr-dev.veecotech.com.my/internal-login-hr"): Navigate to 'https://mbsphr-dev.veecotech.com.my/internal-login-hr' successfully

06-01-2026T13:14:47 - [MESSAGE][PASSED] - Navigate to 'https://mbsphr-dev.veecotech.com.my/internal-login-hr' successfully

06-01-2026T13:14:47 - [TEST_STEP][PASSED] - setText(findTestObject("Object Repository/PAP-ALL (DB REJECT)/Page_MBSP - Log Masuk/input__no_ktgn"), "11111"): Text '11111' is set on object 'Object Repository/PAP-ALL (DB REJECT)/Page_MBSP - Log Masuk/input__no_ktgn'

06-01-2026T13:14:48 - [MESSAGE][PASSED] - Text '11111' is set on object 'Object Repository/PAP-ALL (DB REJECT)/Page_MBSP - Log Masuk/input__no_ktgn'

06-01-2026T13:14:48 - [TEST_STEP][PASSED] - setEncryptedText(findTestObject("Object Repository/PAP-ALL (DB REJECT)/Page_MBSP - Log Masuk/input__password"), "ReS8CS55u3r9nXfefBFv2A=="): Text ****** has been set on object 'Object Repository/PAP-ALL (DB REJECT)/Page_MBSP - Log Masuk/input__password'

06-01-2026T13:14:48 - [MESSAGE][PASSED] - Text ****** has been set on object 'Object Repository/PAP-ALL (DB REJECT)/Page_MBSP - Log Masuk/input__password'

06-01-2026T13:14:48 - [TEST_STEP][PASSED] - click(findTestObject("Object Repository/PAP-ALL (DB REJECT)/Page_MBSP - Log Masuk/button__login_button")): Object: 'Object Repository/PAP-ALL (DB REJECT)/Page_MBSP - Log Masuk/button__login_button' is clicked on

06-01-2026T13:14:48 - [MESSAGE][PASSED] - Object: 'Object Repository/PAP-ALL (DB REJECT)/Page_MBSP - Log Masuk/button__login_button' is clicked on

06-01-2026T13:14:48 - [TEST_STEP][PASSED] - click(findTestObject("Object Repository/PAP-ALL (DB REJECT)/Page_MBSP - Dashboard/span_Lapor Diri_dash-mtext")): Object: 'Object Repository/PAP-ALL (DB REJECT)/Page_MBSP - Dashboard/span_Lapor Diri_dash-mtext' is clicked on

06-01-2026T13:14:53 - [MESSAGE][PASSED] - Object: 'Object Repository/PAP-ALL (DB REJECT)/Page_MBSP - Dashboard/span_Lapor Diri_dash-mtext' is clicked on

06-01-2026T13:14:53 - [TEST_STEP][PASSED] - click(findTestObject("Object Repository/PAP-ALL (DB REJECT)/Page_MBSP - Dashboard/span_Permohonan TanahSaham_dash-mtext")): Object: 'Object Repository/PAP-ALL (DB REJECT)/Page_MBSP - Dashboard/span_Permohonan TanahSaham_dash-mtext' is clicked on

06-01-2026T13:14:54 - [MESSAGE][PASSED] - Object: 'Object Repository/PAP-ALL (DB REJECT)/Page_MBSP - Dashboard/span_Permohonan TanahSaham_dash-mtext' is clicked on

[...]

06-01-2026T13:16:51 - [TEST_STEP][PASSED] - click(findTestObject("Object Repository/PAP-ALL (PSM REJECT)/Page_MBSP - Pemakluman Penglibatan Politik/a_Dalam Semakan_mx-3 btn btn-sm d-flex alig_e6527c")): Object: 'Object Repository/PAP-ALL (PSM REJECT)/Page_MBSP - Pemakluman Penglibatan Politik/a_Dalam Semakan_mx-3 btn btn-sm d-flex alig_e6527c' is clicked on

06-01-2026T13:16:53 - [MESSAGE][PASSED] - Object: 'Object Repository/PAP-ALL (PSM REJECT)/Page_MBSP - Pemakluman Penglibatan Politik/a_Dalam Semakan_mx-3 btn btn-sm d-flex alig_e6527c' is clicked on

06-01-2026T13:16:53 - [TEST_STEP][PASSED] - selectOptionByValue(findTestObject("Object Repository/PAP-ALL (PSM REJECT)/Page_MBSP - Proses Kelulusan Permohonan Akt_2f367e/select__decision"), "approve", true): All options with value 'approve' are selected in object 'Object Repository/PAP-ALL (PSM REJECT)/Page_MBSP - Proses Kelulusan Permohonan Akt_2f367e/select__decision'  using regular expression

06-01-2026T13:16:54 - [MESSAGE][PASSED] - All options with value 'approve' are selected in object 'Object Repository/PAP-ALL (PSM REJECT)/Page_MBSP - Proses Kelulusan Permohonan Akt_2f367e/select__decision'  using regular expression

06-01-2026T13:16:54 - [TEST_STEP][PASSED] - click(findTestObject("Object Repository/PAP-ALL (PSM REJECT)/Page_MBSP - Proses Kelulusan Permohonan Akt_2f367e/button_Kembali_btn btn-primary")): Object: 'Object Repository/PAP-ALL (PSM REJECT)/Page_MBSP - Proses Kelulusan Permohonan Akt_2f367e/button_Kembali_btn btn-primary' is clicked on

06-01-2026T13:16:54 - [MESSAGE][PASSED] - Object: 'Object Repository/PAP-ALL (PSM REJECT)/Page_MBSP - Proses Kelulusan Permohonan Akt_2f367e/button_Kembali_btn btn-primary' is clicked on

06-01-2026T13:16:54 - [TEST_STEP][PASSED] - click(findTestObject("Object Repository/PAP-ALL (PSM REJECT)/Page_MBSP - Pemakluman Penglibatan Politik/span_Sejarah dan Rekod Buku Perkhidmatan_da_f953a4")): Object: 'Object Repository/PAP-ALL (PSM REJECT)/Page_MBSP - Pemakluman Penglibatan Politik/span_Sejarah dan Rekod Buku Perkhidmatan_da_f953a4' is clicked on

06-01-2026T13:17:00 - [MESSAGE][PASSED] - Object: 'Object Repository/PAP-ALL (PSM REJECT)/Page_MBSP - Pemakluman Penglibatan Politik/span_Sejarah dan Rekod Buku Perkhidmatan_da_f953a4' is clicked on

06-01-2026T13:17:00 - [TEST_STEP][PASSED] - setText(findTestObject("Object Repository/PAP-ALL (PSM REJECT)/Page_MBSP - Log Masuk/input__no_ktgn"), "88888"): Text '88888' is set on object 'Object Repository/PAP-ALL (PSM REJECT)/Page_MBSP - Log Masuk/input__no_ktgn'

06-01-2026T13:17:01 - [MESSAGE][PASSED] - Text '88888' is set on object 'Object Repository/PAP-ALL (PSM REJECT)/Page_MBSP - Log Masuk/input__no_ktgn'

06-01-2026T13:17:01 - [TEST_STEP][PASSED] - setEncryptedText(findTestObject("Object Repository/PAP-ALL (PSM REJECT)/Page_MBSP - Log Masuk/input__password"), "ReS8CS55u3r9nXfefBFv2A=="): Text ****** has been set on object 'Object Repository/PAP-ALL (PSM REJECT)/Page_MBSP - Log Masuk/input__password'

06-01-2026T13:17:01 - [MESSAGE][PASSED] - Text ****** has been set on object 'Object Repository/PAP-ALL (PSM REJECT)/Page_MBSP - Log Masuk/input__password'

06-01-2026T13:17:01 - [TEST_STEP][PASSED] - click(findTestObject("Object Repository/PAP-ALL (PSM REJECT)/Page_MBSP - Log Masuk/button__login_button")): Object: 'Object Repository/PAP-ALL (PSM REJECT)/Page_MBSP - Log Masuk/button__login_button' is clicked on

06-01-2026T13:17:03 - [MESSAGE][PASSED] - Object: 'Object Repository/PAP-ALL (PSM REJECT)/Page_MBSP - Log Masuk/button__login_button' is clicked on

06-01-2026T13:17:03 - [TEST_STEP][PASSED] - click(findTestObject("Object Repository/PAP-ALL (PSM REJECT)/Page_MBSP - Dashboard/span_Lapor Diri_dash-mtext_1")): Object: 'Object Repository/PAP-ALL (PSM REJECT)/Page_MBSP - Dashboard/span_Lapor Diri_dash-mtext_1' is clicked on

06-01-2026T13:17:04 - [MESSAGE][PASSED] - Object: 'Object Repository/PAP-ALL (PSM REJECT)/Page_MBSP - Dashboard/span_Lapor Diri_dash-mtext_1' is clicked on

06-01-2026T13:17:04 - [TEST_STEP][PASSED] - click(findTestObject("Object Repository/PAP-ALL (PSM REJECT)/Page_MBSP - Dashboard/span_Permohonan TanahSaham_dash-mtext")): Object: 'Object Repository/PAP-ALL (PSM REJECT)/Page_MBSP - Dashboard/span_Permohonan TanahSaham_dash-mtext' is clicked on

06-01-2026T13:17:05 - [MESSAGE][PASSED] - Object: 'Object Repository/PAP-ALL (PSM REJECT)/Page_MBSP - Dashboard/span_Permohonan TanahSaham_dash-mtext' is clicked on

06-01-2026T13:17:05 - [TEST_STEP][PASSED] - click(findTestObject("Object Repository/PAP-ALL (PSM REJECT)/Page_MBSP - Pemakluman Penglibatan Politik/button_Permohonan Saya_kelulusan-tab")): Object: 'Object Repository/PAP-ALL (PSM REJECT)/Page_MBSP - Pemakluman Penglibatan Politik/button_Permohonan Saya_kelulusan-tab' is clicked on

06-01-2026T13:17:06 - [MESSAGE][PASSED] - Object: 'Object Repository/PAP-ALL (PSM REJECT)/Page_MBSP - Pemakluman Penglibatan Politik/button_Permohonan Saya_kelulusan-tab' is clicked on

06-01-2026T13:17:06 - [TEST_STEP][PASSED] - click(findTestObject("Object Repository/PAP-ALL (PSM REJECT)/Page_MBSP - Pemakluman Penglibatan Politik/a_Dalam Semakan_mx-3 btn btn-sm d-flex alig_e6527c")): Object: 'Object Repository/PAP-ALL (PSM REJECT)/Page_MBSP - Pemakluman Penglibatan Politik/a_Dalam Semakan_mx-3 btn btn-sm d-flex alig_e6527c' is clicked on

06-01-2026T13:17:08 - [MESSAGE][PASSED] - Object: 'Object Repository/PAP-ALL (PSM REJECT)/Page_MBSP - Pemakluman Penglibatan Politik/a_Dalam Semakan_mx-3 btn btn-sm d-flex alig_e6527c' is clicked on

06-01-2026T13:17:08 - [TEST_STEP][PASSED] - selectOptionByValue(findTestObject("Object Repository/PAP-ALL (PSM REJECT)/Page_MBSP - Proses Kelulusan Permohonan Akt_2f367e/select__decision"), "reject", true): All options with value 'reject' are selected in object 'Object Repository/PAP-ALL (PSM REJECT)/Page_MBSP - Proses Kelulusan Permohonan Akt_2f367e/select__decision'  using regular expression

06-01-2026T13:17:09 - [MESSAGE][PASSED] - All options with value 'reject' are selected in object 'Object Repository/PAP-ALL (PSM REJECT)/Page_MBSP - Proses Kelulusan Permohonan Akt_2f367e/select__decision'  using regular expression

06-01-2026T13:17:09 - [TEST_STEP][PASSED] - setText(findTestObject("Object Repository/PAP-ALL (PSM REJECT)/Page_MBSP - Proses Kelulusan Permohonan Akt_2f367e/textarea_Catatan  Komen_remarks"), "TIDAK MEMATUHI SYARAT"): Text 'TIDAK MEMATUHI SYARAT' is set on object 'Object Repository/PAP-ALL (PSM REJECT)/Page_MBSP - Proses Kelulusan Permohonan Akt_2f367e/textarea_Catatan  Komen_remarks'

06-01-2026T13:17:10 - [MESSAGE][PASSED] - Text 'TIDAK MEMATUHI SYARAT' is set on object 'Object Repository/PAP-ALL (PSM REJECT)/Page_MBSP - Proses Kelulusan Permohonan Akt_2f367e/textarea_Catatan  Komen_remarks'

06-01-2026T13:17:10 - [TEST_STEP][PASSED] - click(findTestObject("Object Repository/PAP-ALL (PSM REJECT)/Page_MBSP - Proses Kelulusan Permohonan Akt_2f367e/button_Kembali_btn btn-primary")): Object: 'Object Repository/PAP-ALL (PSM REJECT)/Page_MBSP - Proses Kelulusan Permohonan Akt_2f367e/button_Kembali_btn btn-primary' is clicked on

06-01-2026T13:17:10 - [MESSAGE][PASSED] - Object: 'Object Repository/PAP-ALL (PSM REJECT)/Page_MBSP - Proses Kelulusan Permohonan Akt_2f367e/button_Kembali_btn btn-primary' is clicked on

06-01-2026T13:17:10 - [TEST_STEP][PASSED] - click(findTestObject("Object Repository/PAP-ALL (PSM REJECT)/Page_MBSP - Pemakluman Penglibatan Politik/button_Permohonan Saya_kelulusan-tab")): Object: 'Object Repository/PAP-ALL (PSM REJECT)/Page_MBSP - Pemakluman Penglibatan Politik/button_Permohonan Saya_kelulusan-tab' is clicked on

06-01-2026T13:17:13 - [MESSAGE][PASSED] - Object: 'Object Repository/PAP-ALL (PSM REJECT)/Page_MBSP - Pemakluman Penglibatan Politik/button_Permohonan Saya_kelulusan-tab' is clicked on]]></system-out>
         <system-err><![CDATA[]]></system-err>
      </testcase>
      <testcase name="Test Cases/Permohonan Aktiviti Politik/staff-edit delete" time="31.978" classname="Test Cases/Permohonan Aktiviti Politik/staff-edit delete" status="PASSED">
         <system-out><![CDATA[06-01-2026T13:17:13 - [TEST_CASE][PASSED] - Test Cases/Permohonan Aktiviti Politik/staff-edit delete: Test Cases/Permohonan Aktiviti Politik/staff-edit delete

06-01-2026T13:17:13 - [TEST_STEP][PASSED] - openBrowser(""): Browser is opened with url: ''

06-01-2026T13:17:13 - [MESSAGE][WARNING] - A browser is already opened. Closing browser and opening a new one

06-01-2026T13:17:13 - [MESSAGE][INFO] - Starting 'Chrome' driver

06-01-2026T13:17:13 - [MESSAGE][INFO] - Action delay is set to 0 milliseconds

06-01-2026T13:17:14 - [MESSAGE][PASSED] - Browser is opened with url: ''

06-01-2026T13:17:14 - [TEST_STEP][PASSED] - navigateToUrl("https://mbsphr-dev.veecotech.com.my/internal-login-hr"): Navigate to 'https://mbsphr-dev.veecotech.com.my/internal-login-hr' successfully

06-01-2026T13:17:15 - [MESSAGE][PASSED] - Navigate to 'https://mbsphr-dev.veecotech.com.my/internal-login-hr' successfully

06-01-2026T13:17:15 - [TEST_STEP][PASSED] - setText(findTestObject("Object Repository/STAFF-EDIT DELETE/Page_MBSP - Log Masuk/input__no_ktgn"), "99999"): Text '99999' is set on object 'Object Repository/STAFF-EDIT DELETE/Page_MBSP - Log Masuk/input__no_ktgn'

06-01-2026T13:17:16 - [MESSAGE][PASSED] - Text '99999' is set on object 'Object Repository/STAFF-EDIT DELETE/Page_MBSP - Log Masuk/input__no_ktgn'

06-01-2026T13:17:16 - [TEST_STEP][PASSED] - setEncryptedText(findTestObject("Object Repository/STAFF-EDIT DELETE/Page_MBSP - Log Masuk/input__password"), "ReS8CS55u3r9nXfefBFv2A=="): Text ****** has been set on object 'Object Repository/STAFF-EDIT DELETE/Page_MBSP - Log Masuk/input__password'

06-01-2026T13:17:16 - [MESSAGE][PASSED] - Text ****** has been set on object 'Object Repository/STAFF-EDIT DELETE/Page_MBSP - Log Masuk/input__password'

06-01-2026T13:17:16 - [TEST_STEP][PASSED] - click(findTestObject("Object Repository/STAFF-EDIT DELETE/Page_MBSP - Log Masuk/button__login_button")): Object: 'Object Repository/STAFF-EDIT DELETE/Page_MBSP - Log Masuk/button__login_button' is clicked on

06-01-2026T13:17:20 - [MESSAGE][PASSED] - Object: 'Object Repository/STAFF-EDIT DELETE/Page_MBSP - Log Masuk/button__login_button' is clicked on

06-01-2026T13:17:20 - [TEST_STEP][PASSED] - click(findTestObject("Object Repository/STAFF-EDIT DELETE/Page_MBSP - Dashboard/span_Lapor Diri_dash-mtext")): Object: 'Object Repository/STAFF-EDIT DELETE/Page_MBSP - Dashboard/span_Lapor Diri_dash-mtext' is clicked on

06-01-2026T13:17:21 - [MESSAGE][PASSED] - Object: 'Object Repository/STAFF-EDIT DELETE/Page_MBSP - Dashboard/span_Lapor Diri_dash-mtext' is clicked on

06-01-2026T13:17:21 - [TEST_STEP][PASSED] - click(findTestObject("Object Repository/STAFF-EDIT DELETE/Page_MBSP - Dashboard/span_Permohonan TanahSaham_dash-mtext")): Object: 'Object Repository/STAFF-EDIT DELETE/Page_MBSP - Dashboard/span_Permohonan TanahSaham_dash-mtext' is clicked on

06-01-2026T13:17:22 - [MESSAGE][PASSED] - Object: 'Object Repository/STAFF-EDIT DELETE/Page_MBSP - Dashboard/span_Permohonan TanahSaham_dash-mtext' is clicked on

06-01-2026T13:17:22 - [TEST_STEP][PASSED] - click(findTestObject("Object Repository/STAFF-EDIT DELETE/Page_MBSP - Pemakluman Penglibatan Politik/span")): Object: 'Object Repository/STAFF-EDIT DELETE/Page_MBSP - Pemakluman Penglibatan Politik/span' is clicked on

06-01-2026T13:17:24 - [MESSAGE][PASSED] - Object: 'Object Repository/STAFF-EDIT DELETE/Page_MBSP - Pemakluman Penglibatan Politik/span' is clicked on

06-01-2026T13:17:24 - [TEST_STEP][PASSED] - selectOptionByValue(findTestObject("Object Repository/STAFF-EDIT DELETE/Page_MBSP - Permohonan Baru Aktiviti Politik/select__application_type"), "hold_party_office", true): All options with value 'hold_party_office' are selected in object 'Object Repository/STAFF-EDIT DELETE/Page_MBSP - Permohonan Baru Aktiviti Politik/select__application_type'  using regular expression

06-01-2026T13:17:25 - [MESSAGE][PASSED] - All options with value 'hold_party_office' are selected in object 'Object Repository/STAFF-EDIT DELETE/Page_MBSP - Permohonan Baru Aktiviti Politik/select__application_type'  using regular expression

06-01-2026T13:17:25 - [TEST_STEP][PASSED] - setText(findTestObject("Object Repository/STAFF-EDIT DELETE/Page_MBSP - Permohonan Baru Aktiviti Politik/input__party_name"), "XXX"): Text 'XXX' is set on object 'Object Repository/STAFF-EDIT DELETE/Page_MBSP - Permohonan Baru Aktiviti Politik/input__party_name'

06-01-2026T13:17:25 - [MESSAGE][PASSED] - Text 'XXX' is set on object 'Object Repository/STAFF-EDIT DELETE/Page_MBSP - Permohonan Baru Aktiviti Politik/input__party_name'

06-01-2026T13:17:25 - [TEST_STEP][PASSED] - click(findTestObject("Object Repository/STAFF-EDIT DELETE/Page_MBSP - Permohonan Baru Aktiviti Politik/input_Perakuan_acknowledge")): Object: 'Object Repository/STAFF-EDIT DELETE/Page_MBSP - Permohonan Baru Aktiviti Politik/input_Perakuan_acknowledge' is clicked on

06-01-2026T13:17:26 - [MESSAGE][PASSED] - Object: 'Object Repository/STAFF-EDIT DELETE/Page_MBSP - Permohonan Baru Aktiviti Politik/input_Perakuan_acknowledge' is clicked on

06-01-2026T13:17:26 - [TEST_STEP][PASSED] - click(findTestObject("Object Repository/STAFF-EDIT DELETE/Page_MBSP - Permohonan Baru Aktiviti Politik/button_Batal_btn btn-primary px-4")): Object: 'Object Repository/STAFF-EDIT DELETE/Page_MBSP - Permohonan Baru Aktiviti Politik/button_Batal_btn btn-primary px-4' is clicked on

06-01-2026T13:17:26 - [MESSAGE][PASSED] - Object: 'Object Repository/STAFF-EDIT DELETE/Page_MBSP - Permohonan Baru Aktiviti Politik/button_Batal_btn btn-primary px-4' is clicked on

06-01-2026T13:17:26 - [TEST_STEP][PASSED] - click(findTestObject("Object Repository/STAFF-EDIT DELETE/Page_MBSP - Pemakluman Penglibatan Politik/a__mx-3 btn btn-sm d-flex align-items-cente_89f6a6")): Object: 'Object Repository/STAFF-EDIT DELETE/Page_MBSP - Pemakluman Penglibatan Politik/a__mx-3 btn btn-sm d-flex align-items-cente_89f6a6' is clicked on

06-01-2026T13:17:29 - [MESSAGE][PASSED] - Object: 'Object Repository/STAFF-EDIT DELETE/Page_MBSP - Pemakluman Penglibatan Politik/a__mx-3 btn btn-sm d-flex align-items-cente_89f6a6' is clicked on

06-01-2026T13:17:29 - [TEST_STEP][PASSED] - click(findTestObject("Object Repository/STAFF-EDIT DELETE/Page_MBSP - Pemakluman Penglibatan Politik/a__mx-3 btn btn-sm d-flex align-items-cente_89f6a6")): Object: 'Object Repository/STAFF-EDIT DELETE/Page_MBSP - Pemakluman Penglibatan Politik/a__mx-3 btn btn-sm d-flex align-items-cente_89f6a6' is clicked on

06-01-2026T13:17:37 - [MESSAGE][PASSED] - Object: 'Object Repository/STAFF-EDIT DELETE/Page_MBSP - Pemakluman Penglibatan Politik/a__mx-3 btn btn-sm d-flex align-items-cente_89f6a6' is clicked on

06-01-2026T13:17:37 - [TEST_STEP][PASSED] - click(findTestObject("Object Repository/STAFF-EDIT DELETE/Page_MBSP - Pemakluman Penglibatan Politik/button_Lihat Butiran Pemakluman Penglibatan_bf6d77")): Object: 'Object Repository/STAFF-EDIT DELETE/Page_MBSP - Pemakluman Penglibatan Politik/button_Lihat Butiran Pemakluman Penglibatan_bf6d77' is clicked on

06-01-2026T13:17:38 - [MESSAGE][PASSED] - Object: 'Object Repository/STAFF-EDIT DELETE/Page_MBSP - Pemakluman Penglibatan Politik/button_Lihat Butiran Pemakluman Penglibatan_bf6d77' is clicked on

06-01-2026T13:17:38 - [TEST_STEP][PASSED] - click(findTestObject("Object Repository/STAFF-EDIT DELETE/Page_MBSP - Pemakluman Penglibatan Politik/a__btn btn-sm btn-icon d-flex align-items-c_163dfb")): Object: 'Object Repository/STAFF-EDIT DELETE/Page_MBSP - Pemakluman Penglibatan Politik/a__btn btn-sm btn-icon d-flex align-items-c_163dfb' is clicked on

06-01-2026T13:17:39 - [MESSAGE][PASSED] - Object: 'Object Repository/STAFF-EDIT DELETE/Page_MBSP - Pemakluman Penglibatan Politik/a__btn btn-sm btn-icon d-flex align-items-c_163dfb' is clicked on

06-01-2026T13:17:39 - [TEST_STEP][PASSED] - setText(findTestObject("Object Repository/STAFF-EDIT DELETE/Page_MBSP - Kemaskini Permohonan Aktiviti Politik/input_Bahagian  Cawangan_party_branch"), "TTT"): Text 'TTT' is set on object 'Object Repository/STAFF-EDIT DELETE/Page_MBSP - Kemaskini Permohonan Aktiviti Politik/input_Bahagian  Cawangan_party_branch'

06-01-2026T13:17:40 - [MESSAGE][PASSED] - Text 'TTT' is set on object 'Object Repository/STAFF-EDIT DELETE/Page_MBSP - Kemaskini Permohonan Aktiviti Politik/input_Bahagian  Cawangan_party_branch'

06-01-2026T13:17:40 - [TEST_STEP][PASSED] - click(findTestObject("Object Repository/STAFF-EDIT DELETE/Page_MBSP - Kemaskini Permohonan Aktiviti Politik/button_Kembali_btnSubmit")): Object: 'Object Repository/STAFF-EDIT DELETE/Page_MBSP - Kemaskini Permohonan Aktiviti Politik/button_Kembali_btnSubmit' is clicked on

06-01-2026T13:17:40 - [MESSAGE][PASSED] - Object: 'Object Repository/STAFF-EDIT DELETE/Page_MBSP - Kemaskini Permohonan Aktiviti Politik/button_Kembali_btnSubmit' is clicked on

06-01-2026T13:17:40 - [TEST_STEP][PASSED] - click(findTestObject("Object Repository/STAFF-EDIT DELETE/Page_MBSP - Kemaskini Permohonan Aktiviti Politik/button_Batal_confirmSubmit")): Object: 'Object Repository/STAFF-EDIT DELETE/Page_MBSP - Kemaskini Permohonan Aktiviti Politik/button_Batal_confirmSubmit' is clicked on

06-01-2026T13:17:42 - [MESSAGE][PASSED] - Object: 'Object Repository/STAFF-EDIT DELETE/Page_MBSP - Kemaskini Permohonan Aktiviti Politik/button_Batal_confirmSubmit' is clicked on

06-01-2026T13:17:42 - [TEST_STEP][PASSED] - click(findTestObject("Object Repository/STAFF-EDIT DELETE/Page_MBSP - Pemakluman Penglibatan Politik/a__mx-3 btn btn-sm d-flex align-items-cente_89f6a6")): Object: 'Object Repository/STAFF-EDIT DELETE/Page_MBSP - Pemakluman Penglibatan Politik/a__mx-3 btn btn-sm d-flex align-items-cente_89f6a6' is clicked on

06-01-2026T13:17:43 - [MESSAGE][PASSED] - Object: 'Object Repository/STAFF-EDIT DELETE/Page_MBSP - Pemakluman Penglibatan Politik/a__mx-3 btn btn-sm d-flex align-items-cente_89f6a6' is clicked on

06-01-2026T13:17:43 - [TEST_STEP][PASSED] - click(findTestObject("Object Repository/STAFF-EDIT DELETE/Page_MBSP - Pemakluman Penglibatan Politik/button_Lihat Butiran Pemakluman Penglibatan_bf6d77")): Object: 'Object Repository/STAFF-EDIT DELETE/Page_MBSP - Pemakluman Penglibatan Politik/button_Lihat Butiran Pemakluman Penglibatan_bf6d77' is clicked on

06-01-2026T13:17:44 - [MESSAGE][PASSED] - Object: 'Object Repository/STAFF-EDIT DELETE/Page_MBSP - Pemakluman Penglibatan Politik/button_Lihat Butiran Pemakluman Penglibatan_bf6d77' is clicked on

06-01-2026T13:17:44 - [TEST_STEP][PASSED] - click(findTestObject("Object Repository/STAFF-EDIT DELETE/Page_MBSP - Pemakluman Penglibatan Politik/button__btn btn-sm btn-icon bs-pass-para d-_6d769a")): Object: 'Object Repository/STAFF-EDIT DELETE/Page_MBSP - Pemakluman Penglibatan Politik/button__btn btn-sm btn-icon bs-pass-para d-_6d769a' is clicked on

06-01-2026T13:17:44 - [MESSAGE][PASSED] - Object: 'Object Repository/STAFF-EDIT DELETE/Page_MBSP - Pemakluman Penglibatan Politik/button__btn btn-sm btn-icon bs-pass-para d-_6d769a' is clicked on

06-01-2026T13:17:44 - [TEST_STEP][PASSED] - click(findTestObject("Object Repository/STAFF-EDIT DELETE/Page_MBSP - Pemakluman Penglibatan Politik/button_No_swal2-confirm btn btn-success")): Object: 'Object Repository/STAFF-EDIT DELETE/Page_MBSP - Pemakluman Penglibatan Politik/button_No_swal2-confirm btn btn-success' is clicked on

06-01-2026T13:17:45 - [MESSAGE][PASSED] - Object: 'Object Repository/STAFF-EDIT DELETE/Page_MBSP - Pemakluman Penglibatan Politik/button_No_swal2-confirm btn btn-success' is clicked on]]></system-out>
         <system-err><![CDATA[]]></system-err>
      </testcase>
      <system-out><![CDATA[06-01-2026T13:12:06 - [TEST_SUITE][FAILED] - permohonan aktiviti politik: null]]></system-out>
      <system-err><![CDATA[06-01-2026T13:12:06 - [TEST_SUITE][FAILED] - permohonan aktiviti politik: null]]></system-err>
   </testsuite>
</testsuites>
