<?xml version="1.0" encoding="UTF-8"?>
<testsuites name="permohonan aktiviti politik" time="73.373" tests="2" failures="1" errors="0">
   <testsuite name="permohonan aktiviti politik" tests="2" failures="1" errors="0" time="73.373" skipped="0" timestamp="2026-01-06T02:55:31.700Z" hostname="bellaa - DESKTOP-T6ADH9V" id="Test Suites/permohonan aktiviti politik">
      <properties>
         <property name="deviceName" value=""/>
         <property name="devicePlatform"/>
         <property name="logFolder" value="C:\\Users\\bellaa\\OneDrive\\Desktop\\Automation-Testing-MBSP\\Automation-Testing-MBSP\\Reports\\20260106_105526\\permohonan aktiviti politik\\20260106_105526"/>
         <property name="logFiles" value="C:\\Users\\bellaa\\OneDrive\\Desktop\\Automation-Testing-MBSP\\Automation-Testing-MBSP\\Reports\\20260106_105526\\permohonan aktiviti politik\\20260106_105526\\console0.log, C:\\Users\\bellaa\\OneDrive\\Desktop\\Automation-Testing-MBSP\\Automation-Testing-MBSP\\Reports\\20260106_105526\\permohonan aktiviti politik\\20260106_105526\\execution0.log"/>
         <property name="attachments" value="C:\\Users\\bellaa\\OneDrive\\Desktop\\Automation-Testing-MBSP\\Automation-Testing-MBSP\\Reports\\20260106_105526\\permohonan aktiviti politik\\20260106_105526\\1767668168440.png"/>
         <property name="hostName" value="bellaa - DESKTOP-T6ADH9V"/>
         <property name="os" value="Windows 11 64bit"/>
         <property name="katalonVersion" value="10.4.1.0"/>
         <property name="browser" value="Chrome 143.0.7499.170"/>
         <property name="userFullName" value="bella nordin"/>
         <property name="hostAddress" value="192.168.0.166"/>
         <property name="sessionId" value="7ca4c0f899a5ec282ad9565f2cae9616"/>
         <property name="projectName" value="Automation-Testing-MBSP"/>
         <property name="seleniumVersion" value="4.34.0"/>
         <property name="proxyInformation" value="ProxyInformation { proxyOption=NO_PROXY, proxyServerType=HTTP, username=, password=********, proxyServerAddress=, proxyServerPort=0, executionList=&quot;&quot;, isApplyToDesiredCapabilities=true }"/>
         <property name="platform" value="Windows 11"/>
      </properties>
      <testcase name="Test Cases/Permohonan Aktiviti Politik/ketua-jabatan-approval" time="36.309" classname="Test Cases/Permohonan Aktiviti Politik/ketua-jabatan-approval" status="FAILED">
         <failure type="FAILED" message="Test Cases/Permohonan Aktiviti Politik/ketua-jabatan-approval FAILED.&#xa;Reason:&#xa;com.kms.katalon.core.exception.StepFailedException: Unable to click on object 'Object Repository/permohonan-aktiviti-politik-approval/Page_MBSP - Pemakluman Penglibatan Politik/a_Dalam Semakan_mx-3 btn btn-sm d-flex alig_e6527c'&#xa;	at com.kms.katalon.core.webui.keyword.internal.WebUIKeywordMain.stepFailed(WebUIKeywordMain.groovy:177)&#xa;	at com.kms.katalon.core.webui.keyword.internal.WebUIKeywordMain.runKeyword(WebUIKeywordMain.groovy:49)&#xa;	at com.kms.katalon.core.webui.keyword.internal.WebUIKeywordMain.runKeywordUntilTimeout(WebUIKeywordMain.groovy:133)&#xa;	at com.kms.katalon.core.webui.keyword.builtin.ClickKeyword.click(ClickKeyword.groovy:65)&#xa;	at com.kms.katalon.core.webui.keyword.builtin.ClickKeyword.execute(ClickKeyword.groovy:38)&#xa;	at com.kms.katalon.core.keyword.internal.KeywordExecutor.executeKeywordForPlatform(KeywordExecutor.groovy:89)&#xa;	at com.kms.katalon.core.webui.keyword.WebUiBuiltInKeywords.click(WebUiBuiltInKeywords.groovy:721)&#xa;	at ketua-jabatan-approval.run(ketua-jabatan-approval:40)&#xa;	at com.kms.katalon.core.main.ScriptEngine.run(ScriptEngine.java:194)&#xa;	at com.kms.katalon.core.main.ScriptEngine.runScriptAsRawText(ScriptEngine.java:119)&#xa;	at com.kms.katalon.core.main.TestCaseExecutor.runScript(TestCaseExecutor.java:486)&#xa;	at com.kms.katalon.core.main.TestCaseExecutor.doExecute(TestCaseExecutor.java:477)&#xa;	at com.kms.katalon.core.main.TestCaseExecutor.processExecutionPhase(TestCaseExecutor.java:456)&#xa;	at com.kms.katalon.core.main.TestCaseExecutor.accessMainPhase(TestCaseExecutor.java:448)&#xa;	at com.kms.katalon.core.main.TestCaseExecutor.execute(TestCaseExecutor.java:322)&#xa;	at com.kms.katalon.core.common.CommonExecutor.accessTestCaseMainPhase(CommonExecutor.java:71)&#xa;	at com.kms.katalon.core.main.TestSuiteExecutor.accessTestSuiteMainPhase(TestSuiteExecutor.java:145)&#xa;	at com.kms.katalon.core.main.TestSuiteExecutor.execute(TestSuiteExecutor.java:104)&#xa;	at com.kms.katalon.core.main.TestCaseMain.startTestSuite(TestCaseMain.java:205)&#xa;	at TempTestSuite1767668126239.run(TempTestSuite1767668126239.groovy:35)&#xa;	at java.base/jdk.internal.reflect.NativeMethodAccessorImpl.invoke0(Native Method)&#xa;	at java.base/jdk.internal.reflect.NativeMethodAccessorImpl.invoke(NativeMethodAccessorImpl.java:77)&#xa;	at java.base/jdk.internal.reflect.DelegatingMethodAccessorImpl.invoke(DelegatingMethodAccessorImpl.java:43)&#xa;Caused by: com.kms.katalon.core.webui.exception.WebElementNotFoundException: Web element with id: 'Object Repository/permohonan-aktiviti-politik-approval/Page_MBSP - Pemakluman Penglibatan Politik/a_Dalam Semakan_mx-3 btn btn-sm d-flex alig_e6527c' located by 'By.xpath: //table[@id='kelulusan-table']/tbody/tr[2]/td[8]/span/div[2]/a' not found&#xa;	at com.kms.katalon.core.webui.model.WebUiElementFinder.findElementByNormalMethods(WebUiElementFinder.java:193)&#xa;	at com.kms.katalon.core.webui.model.WebUiElementFinder.findElementsBySelectedMethod(WebUiElementFinder.java:91)&#xa;	at com.kms.katalon.core.webui.model.WebUiElementFinder.findElementsBySelectedMethod(WebUiElementFinder.java:74)&#xa;	at com.kms.katalon.core.webui.model.WebUiElementFinder.findElementsBySelectedMethod(WebUiElementFinder.java:69)&#xa;	at com.kms.katalon.core.webui.model.WebUiElementFinder.findElement(WebUiElementFinder.java:43)&#xa;	at com.kms.katalon.core.webui.model.WebUiElementFinderWithTimeout.basicFindElement(WebUiElementFinderWithTimeout.java:50)&#xa;	at com.kms.katalon.core.webui.model.WebUiElementFinderWithTimeout.lambda$0(WebUiElementFinderWithTimeout.java:29)&#xa;	at com.kms.katalon.core.webui.model.SeleniumActionRetryController.performAction(SeleniumActionRetryController.java:96)&#xa;	at com.kms.katalon.core.webui.model.SeleniumActionRetryController.performAction(SeleniumActionRetryController.java:83)&#xa;	at com.kms.katalon.core.webui.model.WebUiElementFinderWithTimeout.findElement(WebUiElementFinderWithTimeout.java:28)&#xa;	at com.kms.katalon.core.webui.keyword.internal.WebUIAbstractKeyword.findWebElement(WebUIAbstractKeyword.groovy:96)&#xa;	at com.kms.katalon.core.webui.keyword.builtin.ClickKeyword$_click_closure1.doCall(ClickKeyword.groovy:52)&#xa;	at java.base/jdk.internal.reflect.NativeMethodAccessorImpl.invoke0(Native Method)&#xa;	at java.base/jdk.internal.reflect.NativeMethodAccessorImpl.invoke(NativeMethodAccessorImpl.java:77)&#xa;	at java.base/jdk.internal.reflect.DelegatingMethodAccessorImpl.invoke(DelegatingMethodAccessorImpl.java:43)&#xa;	at jdk.proxy2/jdk.proxy2.$Proxy46.execute(Unknown Source)&#xa;	at com.kms.katalon.core.webui.model.SeleniumActionRetryController.performAction(SeleniumActionRetryController.java:96)&#xa;	at com.kms.katalon.core.webui.model.SeleniumActionRetryController.performAction(SeleniumActionRetryController.java:83)&#xa;	at com.kms.katalon.core.webui.keyword.internal.WebUIKeywordMain$_runKeywordUntilTimeout_closure1.doCall(WebUIKeywordMain.groovy:135)&#xa;	at com.kms.katalon.core.webui.keyword.internal.WebUIKeywordMain$_runKeywordUntilTimeout_closure1.call(WebUIKeywordMain.groovy)&#xa;	at com.kms.katalon.core.webui.keyword.internal.WebUIKeywordMain.runKeyword(WebUIKeywordMain.groovy:41)&#xa;	... 21 more&#xa;"/>
         <system-out><![CDATA[06-01-2026T10:55:32 - [TEST_CASE][FAILED] - Test Cases/Permohonan Aktiviti Politik/ketua-jabatan-approval: Test Cases/Permohonan Aktiviti Politik/ketua-jabatan-approval FAILED.
Reason:
com.kms.katalon.core.exception.StepFailedException: Unable to click on object 'Object Repository/permohonan-aktiviti-politik-approval/Page_MBSP - Pemakluman Penglibatan Politik/a_Dalam Semakan_mx-3 btn btn-sm d-flex alig_e6527c'
	at com.kms.katalon.core.webui.keyword.internal.WebUIKeywordMain.stepFailed(WebUIKeywordMain.groovy:177)
	at com.kms.katalon.core.webui.keyword.internal.WebUIKeywordMain.runKeyword(WebUIKeywordMain.groovy:49)
	at com.kms.katalon.core.webui.keyword.internal.WebUIKeywordMain.runKeywordUntilTimeout(WebUIKeywordMain.groovy:133)
	at com.kms.katalon.core.webui.keyword.builtin.ClickKeyword.click(ClickKeyword.groovy:65)
	at com.kms.katalon.core.webui.keyword.builtin.ClickKeyword.execute(ClickKeyword.groovy:38)
	at com.kms.katalon.core.keyword.internal.KeywordExecutor.executeKeywordForPlatform(KeywordExecutor.groovy:89)
	at com.kms.katalon.core.webui.keyword.WebUiBuiltInKeywords.click(WebUiBuiltInKeywords.groovy:721)
	at ketua-jabatan-approval.run(ketua-jabatan-approval:40)
	at com.kms.katalon.core.main.ScriptEngine.run(ScriptEngine.java:194)
	at com.kms.katalon.core.main.ScriptEngine.runScriptAsRawText(ScriptEngine.java:119)
	at com.kms.katalon.core.main.TestCaseExecutor.runScript(TestCaseExecutor.java:486)
	at com.kms.katalon.core.main.TestCaseExecutor.doExecute(TestCaseExecutor.java:477)
	at com.kms.katalon.core.main.TestCaseExecutor.processExecutionPhase(TestCaseExecutor.java:456)
	at com.kms.katalon.core.main.TestCaseExecutor.accessMainPhase(TestCaseExecutor.java:448)
	at com.kms.katalon.core.main.TestCaseExecutor.execute(TestCaseExecutor.java:322)
	at com.kms.katalon.core.common.CommonExecutor.accessTestCaseMainPhase(CommonExecutor.java:71)
	at com.kms.katalon.core.main.TestSuiteExecutor.accessTestSuiteMainPhase(TestSuiteExecutor.java:145)
	at com.kms.katalon.core.main.TestSuiteExecutor.execute(TestSuiteExecutor.java:104)
	at com.kms.katalon.core.main.TestCaseMain.startTestSuite(TestCaseMain.java:205)
	at TempTestSuite1767668126239.run(TempTestSuite1767668126239.groovy:35)
	at java.base/jdk.internal.reflect.NativeMethodAccessorImpl.invoke0(Native Method)
	at java.base/jdk.internal.reflect.NativeMethodAccessorImpl.invoke(NativeMethodAccessorImpl.java:77)
	at java.base/jdk.internal.reflect.DelegatingMethodAccessorImpl.invoke(DelegatingMethodAccessorImpl.java:43)
Caused by: com.kms.katalon.core.webui.exception.WebElementNotFoundException: Web element with id: 'Object Repository/permohonan-aktiviti-politik-approval/Page_MBSP - Pemakluman Penglibatan Politik/a_Dalam Semakan_mx-3 btn btn-sm d-flex alig_e6527c' located by 'By.xpath: //table[@id='kelulusan-table']/tbody/tr[2]/td[8]/span/div[2]/a' not found
	at com.kms.katalon.core.webui.model.WebUiElementFinder.findElementByNormalMethods(WebUiElementFinder.java:193)
	at com.kms.katalon.core.webui.model.WebUiElementFinder.findElementsBySelectedMethod(WebUiElementFinder.java:91)
	at com.kms.katalon.core.webui.model.WebUiElementFinder.findElementsBySelectedMethod(WebUiElementFinder.java:74)
	at com.kms.katalon.core.webui.model.WebUiElementFinder.findElementsBySelectedMethod(WebUiElementFinder.java:69)
	at com.kms.katalon.core.webui.model.WebUiElementFinder.findElement(WebUiElementFinder.java:43)
	at com.kms.katalon.core.webui.model.WebUiElementFinderWithTimeout.basicFindElement(WebUiElementFinderWithTimeout.java:50)
	at com.kms.katalon.core.webui.model.WebUiElementFinderWithTimeout.lambda$0(WebUiElementFinderWithTimeout.java:29)
	at com.kms.katalon.core.webui.model.SeleniumActionRetryController.performAction(SeleniumActionRetryController.java:96)
	at com.kms.katalon.core.webui.model.SeleniumActionRetryController.performAction(SeleniumActionRetryController.java:83)
	at com.kms.katalon.core.webui.model.WebUiElementFinderWithTimeout.findElement(WebUiElementFinderWithTimeout.java:28)
	at com.kms.katalon.core.webui.keyword.internal.WebUIAbstractKeyword.findWebElement(WebUIAbstractKeyword.groovy:96)
	at com.kms.katalon.core.webui.keyword.builtin.ClickKeyword$_click_closure1.doCall(ClickKeyword.groovy:52)
	at java.base/jdk.internal.reflect.NativeMethodAccessorImpl.invoke0(Native Method)
	at java.base/jdk.internal.reflect.NativeMethodAccessorImpl.invoke(NativeMethodAccessorImpl.java:77)
	at java.base/jdk.internal.reflect.DelegatingMethodAccessorImpl.invoke(DelegatingMethodAccessorImpl.java:43)
	at jdk.proxy2/jdk.proxy2.$Proxy46.execute(Unknown Source)
	at com.kms.katalon.core.webui.model.SeleniumActionRetryController.performAction(SeleniumActionRetryController.java:96)
	at com.kms.katalon.core.webui.model.SeleniumActionRetryController.performAction(SeleniumActionRetryController.java:83)
	at com.kms.katalon.core.webui.keyword.internal.WebUIKeywordMain$_runKeywordUntilTimeout_closure1.doCall(WebUIKeywordMain.groovy:135)
	at com.kms.katalon.core.webui.keyword.internal.WebUIKeywordMain$_runKeywordUntilTimeout_closure1.call(WebUIKeywordMain.groovy)
	at com.kms.katalon.core.webui.keyword.internal.WebUIKeywordMain.runKeyword(WebUIKeywordMain.groovy:41)
	... 21 more


06-01-2026T10:55:33 - [TEST_STEP][PASSED] - openBrowser(""): Browser is opened with url: ''

06-01-2026T10:55:33 - [MESSAGE][INFO] - Starting 'Chrome' driver

06-01-2026T10:55:33 - [MESSAGE][INFO] - Action delay is set to 0 milliseconds

06-01-2026T10:55:37 - [MESSAGE][PASSED] - Browser is opened with url: ''

06-01-2026T10:55:37 - [TEST_STEP][PASSED] - navigateToUrl("https://mbsphr-dev.veecotech.com.my/internal-login-hr"): Navigate to 'https://mbsphr-dev.veecotech.com.my/internal-login-hr' successfully

06-01-2026T10:55:38 - [MESSAGE][PASSED] - Navigate to 'https://mbsphr-dev.veecotech.com.my/internal-login-hr' successfully

06-01-2026T10:55:38 - [TEST_STEP][PASSED] - click(findTestObject("Object Repository/permohonan-aktiviti-politik-approval/Page_MBSP - Log Masuk/input__no_ktgn")): Object: 'Object Repository/permohonan-aktiviti-politik-approval/Page_MBSP - Log Masuk/input__no_ktgn' is clicked on

06-01-2026T10:55:39 - [MESSAGE][PASSED] - Object: 'Object Repository/permohonan-aktiviti-politik-approval/Page_MBSP - Log Masuk/input__no_ktgn' is clicked on

06-01-2026T10:55:39 - [TEST_STEP][PASSED] - setText(findTestObject("Object Repository/permohonan-aktiviti-politik-approval/Page_MBSP - Log Masuk/input__no_ktgn"), "30006"): Text '30006' is set on object 'Object Repository/permohonan-aktiviti-politik-approval/Page_MBSP - Log Masuk/input__no_ktgn'

06-01-2026T10:55:49 - [MESSAGE][WARNING] - Waiting for element timed out

06-01-2026T10:55:49 - [MESSAGE][WARNING] - Waiting for element timed out

06-01-2026T10:55:49 - [MESSAGE][PASSED] - Text '30006' is set on object 'Object Repository/permohonan-aktiviti-politik-approval/Page_MBSP - Log Masuk/input__no_ktgn'

06-01-2026T10:55:49 - [TEST_STEP][PASSED] - setEncryptedText(findTestObject("Object Repository/permohonan-aktiviti-politik-approval/Page_MBSP - Log Masuk/input__password"), "ReS8CS55u3r9nXfefBFv2A=="): Text ****** has been set on object 'Object Repository/permohonan-aktiviti-politik-approval/Page_MBSP - Log Masuk/input__password'

06-01-2026T10:55:50 - [MESSAGE][PASSED] - Text ****** has been set on object 'Object Repository/permohonan-aktiviti-politik-approval/Page_MBSP - Log Masuk/input__password'

06-01-2026T10:55:50 - [TEST_STEP][PASSED] - click(findTestObject("Object Repository/permohonan-aktiviti-politik-approval/Page_MBSP - Log Masuk/button__login_button")): Object: 'Object Repository/permohonan-aktiviti-politik-approval/Page_MBSP - Log Masuk/button__login_button' is clicked on

06-01-2026T10:55:51 - [MESSAGE][PASSED] - Object: 'Object Repository/permohonan-aktiviti-politik-approval/Page_MBSP - Log Masuk/button__login_button' is clicked on

06-01-2026T10:55:51 - [TEST_STEP][PASSED] - click(findTestObject("Object Repository/permohonan-aktiviti-politik-approval/Page_MBSP - Dashboard/span_Lapor Diri_dash-mtext")): Object: 'Object Repository/permohonan-aktiviti-politik-approval/Page_MBSP - Dashboard/span_Lapor Diri_dash-mtext' is clicked on

06-01-2026T10:55:55 - [MESSAGE][PASSED] - Object: 'Object Repository/permohonan-aktiviti-politik-approval/Page_MBSP - Dashboard/span_Lapor Diri_dash-mtext' is clicked on

06-01-2026T10:55:55 - [TEST_STEP][PASSED] - click(findTestObject("Object Repository/permohonan-aktiviti-politik-approval/Page_MBSP - Dashboard/span_Permohonan TanahSaham_dash-mtext")): Object: 'Object Repository/permohonan-aktiviti-politik-approval/Page_MBSP - Dashboard/span_Permohonan TanahSaham_dash-mtext' is clicked on

06-01-2026T10:55:56 - [MESSAGE][PASSED] - Object: 'Object Repository/permohonan-aktiviti-politik-approval/Page_MBSP - Dashboard/span_Permohonan TanahSaham_dash-mtext' is clicked on

06-01-2026T10:55:56 - [TEST_STEP][PASSED] - click(findTestObject("Object Repository/permohonan-aktiviti-politik-approval/Page_MBSP - Pemakluman Penglibatan Politik/button_Permohonan Saya_kelulusan-tab")): Object: 'Object Repository/permohonan-aktiviti-politik-approval/Page_MBSP - Pemakluman Penglibatan Politik/button_Permohonan Saya_kelulusan-tab' is clicked on

06-01-2026T10:55:58 - [MESSAGE][PASSED] - Object: 'Object Repository/permohonan-aktiviti-politik-approval/Page_MBSP - Pemakluman Penglibatan Politik/button_Permohonan Saya_kelulusan-tab' is clicked on

06-01-2026T10:55:58 - [TEST_STEP][FAILED] - click(findTestObject("Object Repository/permohonan-aktiviti-politik-approval/Page_MBSP - Pemakluman Penglibatan Politik/a_Dalam Semakan_mx-3 btn btn-sm d-flex alig_e6527c")): Unable to click on object 'Object Repository/permohonan-aktiviti-politik-approval/Page_MBSP - Pemakluman Penglibatan Politik/a_Dalam Semakan_mx-3 btn btn-sm d-flex alig_e6527c' (Root cause: com.kms.katalon.core.exception.StepFailedException: Unable to click on object 'Object Repository/permohonan-aktiviti-politik-approval/Page_MBSP - Pemakluman Penglibatan Politik/a_Dalam Semakan_mx-3 btn btn-sm d-flex alig_e6527c'
	at com.kms.katalon.core.webui.keyword.internal.WebUIKeywordMain.stepFailed(WebUIKeywordMain.groovy:177)
	at com.kms.katalon.core.webui.keyword.internal.WebUIKeywordMain.runKeyword(WebUIKeywordMain.groovy:49)
	at com.kms.katalon.core.webui.keyword.internal.WebUIKeywordMain.runKeywordUntilTimeout(WebUIKeywordMain.groovy:133)
	at com.kms.katalon.core.webui.keyword.builtin.ClickKeyword.click(ClickKeyword.groovy:65)
	at com.kms.katalon.core.webui.keyword.builtin.ClickKeyword.execute(ClickKeyword.groovy:38)
	at com.kms.katalon.core.keyword.internal.KeywordExecutor.executeKeywordForPlatform(KeywordExecutor.groovy:89)
	at com.kms.katalon.core.webui.keyword.WebUiBuiltInKeywords.click(WebUiBuiltInKeywords.groovy:721)
	at ketua-jabatan-approval.run(ketua-jabatan-approval:40)
	at com.kms.katalon.core.main.ScriptEngine.run(ScriptEngine.java:194)
	at com.kms.katalon.core.main.ScriptEngine.runScriptAsRawText(ScriptEngine.java:119)
	at com.kms.katalon.core.main.TestCaseExecutor.runScript(TestCaseExecutor.java:486)
	at com.kms.katalon.core.main.TestCaseExecutor.doExecute(TestCaseExecutor.java:477)
	at com.kms.katalon.core.main.TestCaseExecutor.processExecutionPhase(TestCaseExecutor.java:456)
	at com.kms.katalon.core.main.TestCaseExecutor.accessMainPhase(TestCaseExecutor.java:448)
	at com.kms.katalon.core.main.TestCaseExecutor.execute(TestCaseExecutor.java:322)
	at com.kms.katalon.core.common.CommonExecutor.accessTestCaseMainPhase(CommonExecutor.java:71)
	at com.kms.katalon.core.main.TestSuiteExecutor.accessTestSuiteMainPhase(TestSuiteExecutor.java:145)
	at com.kms.katalon.core.main.TestSuiteExecutor.execute(TestSuiteExecutor.java:104)
	at com.kms.katalon.core.main.TestCaseMain.startTestSuite(TestCaseMain.java:205)
	at TempTestSuite1767668126239.run(TempTestSuite1767668126239.groovy:35)
	at java.base/jdk.internal.reflect.NativeMethodAccessorImpl.invoke0(Native Method)
	at java.base/jdk.internal.reflect.NativeMethodAccessorImpl.invoke(NativeMethodAccessorImpl.java:77)
	at java.base/jdk.internal.reflect.DelegatingMethodAccessorImpl.invoke(DelegatingMethodAccessorImpl.java:43)
Caused by: com.kms.katalon.core.webui.exception.WebElementNotFoundException: Web element with id: 'Object Repository/permohonan-aktiviti-politik-approval/Page_MBSP - Pemakluman Penglibatan Politik/a_Dalam Semakan_mx-3 btn btn-sm d-flex alig_e6527c' located by 'By.xpath: //table[@id='kelulusan-table']/tbody/tr[2]/td[8]/span/div[2]/a' not found
	at com.kms.katalon.core.webui.model.WebUiElementFinder.findElementByNormalMethods(WebUiElementFinder.java:193)
	at com.kms.katalon.core.webui.model.WebUiElementFinder.findElementsBySelectedMethod(WebUiElementFinder.java:91)
	at com.kms.katalon.core.webui.model.WebUiElementFinder.findElementsBySelectedMethod(WebUiElementFinder.java:74)
	at com.kms.katalon.core.webui.model.WebUiElementFinder.findElementsBySelectedMethod(WebUiElementFinder.java:69)
	at com.kms.katalon.core.webui.model.WebUiElementFinder.findElement(WebUiElementFinder.java:43)
	at com.kms.katalon.core.webui.model.WebUiElementFinderWithTimeout.basicFindElement(WebUiElementFinderWithTimeout.java:50)
	at com.kms.katalon.core.webui.model.WebUiElementFinderWithTimeout.lambda$0(WebUiElementFinderWithTimeout.java:29)
	at com.kms.katalon.core.webui.model.SeleniumActionRetryController.performAction(SeleniumActionRetryController.java:96)
	at com.kms.katalon.core.webui.model.SeleniumActionRetryController.performAction(SeleniumActionRetryController.java:83)
	at com.kms.katalon.core.webui.model.WebUiElementFinderWithTimeout.findElement(WebUiElementFinderWithTimeout.java:28)
	at com.kms.katalon.core.webui.keyword.internal.WebUIAbstractKeyword.findWebElement(WebUIAbstractKeyword.groovy:96)
	at com.kms.katalon.core.webui.keyword.builtin.ClickKeyword$_click_closure1.doCall(ClickKeyword.groovy:52)
	at java.base/jdk.internal.reflect.NativeMethodAccessorImpl.invoke0(Native Method)
	at java.base/jdk.internal.reflect.NativeMethodAccessorImpl.invoke(NativeMethodAccessorImpl.java:77)
	at java.base/jdk.internal.reflect.DelegatingMethodAccessorImpl.invoke(DelegatingMethodAccessorImpl.java:43)
	at jdk.proxy2/jdk.proxy2.$Proxy46.execute(Unknown Source)
	at com.kms.katalon.core.webui.model.SeleniumActionRetryController.performAction(SeleniumActionRetryController.java:96)
	at com.kms.katalon.core.webui.model.SeleniumActionRetryController.performAction(SeleniumActionRetryController.java:83)
	at com.kms.katalon.core.webui.keyword.internal.WebUIKeywordMain$_runKeywordUntilTimeout_closure1.doCall(WebUIKeywordMain.groovy:135)
	at com.kms.katalon.core.webui.keyword.internal.WebUIKeywordMain$_runKeywordUntilTimeout_closure1.call(WebUIKeywordMain.groovy)
	at com.kms.katalon.core.webui.keyword.internal.WebUIKeywordMain.runKeyword(WebUIKeywordMain.groovy:41)
	at com.kms.katalon.core.webui.keyword.internal.WebUIKeywordMain.runKeywordUntilTimeout(WebUIKeywordMain.groovy:133)
	at com.kms.katalon.core.webui.keyword.builtin.ClickKeyword.click(ClickKeyword.groovy:65)
	at com.kms.katalon.core.webui.keyword.builtin.ClickKeyword.execute(ClickKeyword.groovy:38)
	at com.kms.katalon.core.keyword.internal.KeywordExecutor.executeKeywordForPlatform(KeywordExecutor.groovy:89)
	at com.kms.katalon.core.webui.keyword.WebUiBuiltInKeywords.click(WebUiBuiltInKeywords.groovy:721)
	at Script1767667103959.run(Script1767667103959.groovy:40)
	... 15 more
)

06-01-2026T10:56:08 - [MESSAGE][FAILED] - Unable to click on object 'Object Repository/permohonan-aktiviti-politik-approval/Page_MBSP - Pemakluman Penglibatan Politik/a_Dalam Semakan_mx-3 btn btn-sm d-flex alig_e6527c' (Root cause: com.kms.katalon.core.exception.StepFailedException: Unable to click on object 'Object Repository/permohonan-aktiviti-politik-approval/Page_MBSP - Pemakluman Penglibatan Politik/a_Dalam Semakan_mx-3 btn btn-sm d-flex alig_e6527c'
	at com.kms.katalon.core.webui.keyword.internal.WebUIKeywordMain.stepFailed(WebUIKeywordMain.groovy:177)
	at com.kms.katalon.core.webui.keyword.internal.WebUIKeywordMain.runKeyword(WebUIKeywordMain.groovy:49)
	at com.kms.katalon.core.webui.keyword.internal.WebUIKeywordMain.runKeywordUntilTimeout(WebUIKeywordMain.groovy:133)
	at com.kms.katalon.core.webui.keyword.builtin.ClickKeyword.click(ClickKeyword.groovy:65)
	at com.kms.katalon.core.webui.keyword.builtin.ClickKeyword.execute(ClickKeyword.groovy:38)
	at com.kms.katalon.core.keyword.internal.KeywordExecutor.executeKeywordForPlatform(KeywordExecutor.groovy:89)
	at com.kms.katalon.core.webui.keyword.WebUiBuiltInKeywords.click(WebUiBuiltInKeywords.groovy:721)
	at ketua-jabatan-approval.run(ketua-jabatan-approval:40)
	at com.kms.katalon.core.main.ScriptEngine.run(ScriptEngine.java:194)
	at com.kms.katalon.core.main.ScriptEngine.runScriptAsRawText(ScriptEngine.java:119)
	at com.kms.katalon.core.main.TestCaseExecutor.runScript(TestCaseExecutor.java:486)
	at com.kms.katalon.core.main.TestCaseExecutor.doExecute(TestCaseExecutor.java:477)
	at com.kms.katalon.core.main.TestCaseExecutor.processExecutionPhase(TestCaseExecutor.java:456)
	at com.kms.katalon.core.main.TestCaseExecutor.accessMainPhase(TestCaseExecutor.java:448)
	at com.kms.katalon.core.main.TestCaseExecutor.execute(TestCaseExecutor.java:322)
	at com.kms.katalon.core.common.CommonExecutor.accessTestCaseMainPhase(CommonExecutor.java:71)
	at com.kms.katalon.core.main.TestSuiteExecutor.accessTestSuiteMainPhase(TestSuiteExecutor.java:145)
	at com.kms.katalon.core.main.TestSuiteExecutor.execute(TestSuiteExecutor.java:104)
	at com.kms.katalon.core.main.TestCaseMain.startTestSuite(TestCaseMain.java:205)
	at TempTestSuite1767668126239.run(TempTestSuite1767668126239.groovy:35)
	at java.base/jdk.internal.reflect.NativeMethodAccessorImpl.invoke0(Native Method)
	at java.base/jdk.internal.reflect.NativeMethodAccessorImpl.invoke(NativeMethodAccessorImpl.java:77)
	at java.base/jdk.internal.reflect.DelegatingMethodAccessorImpl.invoke(DelegatingMethodAccessorImpl.java:43)
Caused by: com.kms.katalon.core.webui.exception.WebElementNotFoundException: Web element with id: 'Object Repository/permohonan-aktiviti-politik-approval/Page_MBSP - Pemakluman Penglibatan Politik/a_Dalam Semakan_mx-3 btn btn-sm d-flex alig_e6527c' located by 'By.xpath: //table[@id='kelulusan-table']/tbody/tr[2]/td[8]/span/div[2]/a' not found
	at com.kms.katalon.core.webui.model.WebUiElementFinder.findElementByNormalMethods(WebUiElementFinder.java:193)
	at com.kms.katalon.core.webui.model.WebUiElementFinder.findElementsBySelectedMethod(WebUiElementFinder.java:91)
	at com.kms.katalon.core.webui.model.WebUiElementFinder.findElementsBySelectedMethod(WebUiElementFinder.java:74)
	at com.kms.katalon.core.webui.model.WebUiElementFinder.findElementsBySelectedMethod(WebUiElementFinder.java:69)
	at com.kms.katalon.core.webui.model.WebUiElementFinder.findElement(WebUiElementFinder.java:43)
	at com.kms.katalon.core.webui.model.WebUiElementFinderWithTimeout.basicFindElement(WebUiElementFinderWithTimeout.java:50)
	at com.kms.katalon.core.webui.model.WebUiElementFinderWithTimeout.lambda$0(WebUiElementFinderWithTimeout.java:29)
	at com.kms.katalon.core.webui.model.SeleniumActionRetryController.performAction(SeleniumActionRetryController.java:96)
	at com.kms.katalon.core.webui.model.SeleniumActionRetryController.performAction(SeleniumActionRetryController.java:83)
	at com.kms.katalon.core.webui.model.WebUiElementFinderWithTimeout.findElement(WebUiElementFinderWithTimeout.java:28)
	at com.kms.katalon.core.webui.keyword.internal.WebUIAbstractKeyword.findWebElement(WebUIAbstractKeyword.groovy:96)
	at com.kms.katalon.core.webui.keyword.builtin.ClickKeyword$_click_closure1.doCall(ClickKeyword.groovy:52)
	at java.base/jdk.internal.reflect.NativeMethodAccessorImpl.invoke0(Native Method)
	at java.base/jdk.internal.reflect.NativeMethodAccessorImpl.invoke(NativeMethodAccessorImpl.java:77)
	at java.base/jdk.internal.reflect.DelegatingMethodAccessorImpl.invoke(DelegatingMethodAccessorImpl.java:43)
	at jdk.proxy2/jdk.proxy2.$Proxy46.execute(Unknown Source)
	at com.kms.katalon.core.webui.model.SeleniumActionRetryController.performAction(SeleniumActionRetryController.java:96)
	at com.kms.katalon.core.webui.model.SeleniumActionRetryController.performAction(SeleniumActionRetryController.java:83)
	at com.kms.katalon.core.webui.keyword.internal.WebUIKeywordMain$_runKeywordUntilTimeout_closure1.doCall(WebUIKeywordMain.groovy:135)
	at com.kms.katalon.core.webui.keyword.internal.WebUIKeywordMain$_runKeywordUntilTimeout_closure1.call(WebUIKeywordMain.groovy)
	at com.kms.katalon.core.webui.keyword.internal.WebUIKeywordMain.runKeyword(WebUIKeywordMain.groovy:41)
	at com.kms.katalon.core.webui.keyword.internal.WebUIKeywordMain.runKeywordUntilTimeout(WebUIKeywordMain.groovy:133)
	at com.kms.katalon.core.webui.keyword.builtin.ClickKeyword.click(ClickKeyword.groovy:65)
	at com.kms.katalon.core.webui.keyword.builtin.ClickKeyword.execute(ClickKeyword.groovy:38)
	at com.kms.katalon.core.keyword.internal.KeywordExecutor.executeKeywordForPlatform(KeywordExecutor.groovy:89)
	at com.kms.katalon.core.webui.keyword.WebUiBuiltInKeywords.click(WebUiBuiltInKeywords.groovy:721)
	at Script1767667103959.run(Script1767667103959.groovy:40)
	... 15 more
)
[[ATTACHMENT|C:\\Users\\bellaa\\OneDrive\\Desktop\\Automation-Testing-MBSP\\Automation-Testing-MBSP\\Reports\\20260106_105526\\permohonan aktiviti politik\\20260106_105526\\1767668168440.png]]]]></system-out>
         <system-err><![CDATA[06-01-2026T10:55:32 - [TEST_CASE][FAILED] - Test Cases/Permohonan Aktiviti Politik/ketua-jabatan-approval: Test Cases/Permohonan Aktiviti Politik/ketua-jabatan-approval FAILED.
Reason:
com.kms.katalon.core.exception.StepFailedException: Unable to click on object 'Object Repository/permohonan-aktiviti-politik-approval/Page_MBSP - Pemakluman Penglibatan Politik/a_Dalam Semakan_mx-3 btn btn-sm d-flex alig_e6527c'
	at com.kms.katalon.core.webui.keyword.internal.WebUIKeywordMain.stepFailed(WebUIKeywordMain.groovy:177)
	at com.kms.katalon.core.webui.keyword.internal.WebUIKeywordMain.runKeyword(WebUIKeywordMain.groovy:49)
	at com.kms.katalon.core.webui.keyword.internal.WebUIKeywordMain.runKeywordUntilTimeout(WebUIKeywordMain.groovy:133)
	at com.kms.katalon.core.webui.keyword.builtin.ClickKeyword.click(ClickKeyword.groovy:65)
	at com.kms.katalon.core.webui.keyword.builtin.ClickKeyword.execute(ClickKeyword.groovy:38)
	at com.kms.katalon.core.keyword.internal.KeywordExecutor.executeKeywordForPlatform(KeywordExecutor.groovy:89)
	at com.kms.katalon.core.webui.keyword.WebUiBuiltInKeywords.click(WebUiBuiltInKeywords.groovy:721)
	at ketua-jabatan-approval.run(ketua-jabatan-approval:40)
	at com.kms.katalon.core.main.ScriptEngine.run(ScriptEngine.java:194)
	at com.kms.katalon.core.main.ScriptEngine.runScriptAsRawText(ScriptEngine.java:119)
	at com.kms.katalon.core.main.TestCaseExecutor.runScript(TestCaseExecutor.java:486)
	at com.kms.katalon.core.main.TestCaseExecutor.doExecute(TestCaseExecutor.java:477)
	at com.kms.katalon.core.main.TestCaseExecutor.processExecutionPhase(TestCaseExecutor.java:456)
	at com.kms.katalon.core.main.TestCaseExecutor.accessMainPhase(TestCaseExecutor.java:448)
	at com.kms.katalon.core.main.TestCaseExecutor.execute(TestCaseExecutor.java:322)
	at com.kms.katalon.core.common.CommonExecutor.accessTestCaseMainPhase(CommonExecutor.java:71)
	at com.kms.katalon.core.main.TestSuiteExecutor.accessTestSuiteMainPhase(TestSuiteExecutor.java:145)
	at com.kms.katalon.core.main.TestSuiteExecutor.execute(TestSuiteExecutor.java:104)
	at com.kms.katalon.core.main.TestCaseMain.startTestSuite(TestCaseMain.java:205)
	at TempTestSuite1767668126239.run(TempTestSuite1767668126239.groovy:35)
	at java.base/jdk.internal.reflect.NativeMethodAccessorImpl.invoke0(Native Method)
	at java.base/jdk.internal.reflect.NativeMethodAccessorImpl.invoke(NativeMethodAccessorImpl.java:77)
	at java.base/jdk.internal.reflect.DelegatingMethodAccessorImpl.invoke(DelegatingMethodAccessorImpl.java:43)
Caused by: com.kms.katalon.core.webui.exception.WebElementNotFoundException: Web element with id: 'Object Repository/permohonan-aktiviti-politik-approval/Page_MBSP - Pemakluman Penglibatan Politik/a_Dalam Semakan_mx-3 btn btn-sm d-flex alig_e6527c' located by 'By.xpath: //table[@id='kelulusan-table']/tbody/tr[2]/td[8]/span/div[2]/a' not found
	at com.kms.katalon.core.webui.model.WebUiElementFinder.findElementByNormalMethods(WebUiElementFinder.java:193)
	at com.kms.katalon.core.webui.model.WebUiElementFinder.findElementsBySelectedMethod(WebUiElementFinder.java:91)
	at com.kms.katalon.core.webui.model.WebUiElementFinder.findElementsBySelectedMethod(WebUiElementFinder.java:74)
	at com.kms.katalon.core.webui.model.WebUiElementFinder.findElementsBySelectedMethod(WebUiElementFinder.java:69)
	at com.kms.katalon.core.webui.model.WebUiElementFinder.findElement(WebUiElementFinder.java:43)
	at com.kms.katalon.core.webui.model.WebUiElementFinderWithTimeout.basicFindElement(WebUiElementFinderWithTimeout.java:50)
	at com.kms.katalon.core.webui.model.WebUiElementFinderWithTimeout.lambda$0(WebUiElementFinderWithTimeout.java:29)
	at com.kms.katalon.core.webui.model.SeleniumActionRetryController.performAction(SeleniumActionRetryController.java:96)
	at com.kms.katalon.core.webui.model.SeleniumActionRetryController.performAction(SeleniumActionRetryController.java:83)
	at com.kms.katalon.core.webui.model.WebUiElementFinderWithTimeout.findElement(WebUiElementFinderWithTimeout.java:28)
	at com.kms.katalon.core.webui.keyword.internal.WebUIAbstractKeyword.findWebElement(WebUIAbstractKeyword.groovy:96)
	at com.kms.katalon.core.webui.keyword.builtin.ClickKeyword$_click_closure1.doCall(ClickKeyword.groovy:52)
	at java.base/jdk.internal.reflect.NativeMethodAccessorImpl.invoke0(Native Method)
	at java.base/jdk.internal.reflect.NativeMethodAccessorImpl.invoke(NativeMethodAccessorImpl.java:77)
	at java.base/jdk.internal.reflect.DelegatingMethodAccessorImpl.invoke(DelegatingMethodAccessorImpl.java:43)
	at jdk.proxy2/jdk.proxy2.$Proxy46.execute(Unknown Source)
	at com.kms.katalon.core.webui.model.SeleniumActionRetryController.performAction(SeleniumActionRetryController.java:96)
	at com.kms.katalon.core.webui.model.SeleniumActionRetryController.performAction(SeleniumActionRetryController.java:83)
	at com.kms.katalon.core.webui.keyword.internal.WebUIKeywordMain$_runKeywordUntilTimeout_closure1.doCall(WebUIKeywordMain.groovy:135)
	at com.kms.katalon.core.webui.keyword.internal.WebUIKeywordMain$_runKeywordUntilTimeout_closure1.call(WebUIKeywordMain.groovy)
	at com.kms.katalon.core.webui.keyword.internal.WebUIKeywordMain.runKeyword(WebUIKeywordMain.groovy:41)
	... 21 more]]></system-err>
      </testcase>
      <testcase name="Test Cases/Permohonan Aktiviti Politik/Staff-mohon" time="36.28" classname="Test Cases/Permohonan Aktiviti Politik/Staff-mohon" status="PASSED">
         <system-out><![CDATA[06-01-2026T10:56:08 - [TEST_CASE][PASSED] - Test Cases/Permohonan Aktiviti Politik/Staff-mohon: Test Cases/Permohonan Aktiviti Politik/Staff-mohon

06-01-2026T10:56:08 - [TEST_STEP][PASSED] - openBrowser(""): Browser is opened with url: ''

06-01-2026T10:56:08 - [MESSAGE][WARNING] - A browser is already opened. Closing browser and opening a new one

06-01-2026T10:56:09 - [MESSAGE][INFO] - Starting 'Chrome' driver

06-01-2026T10:56:09 - [MESSAGE][INFO] - Action delay is set to 0 milliseconds

06-01-2026T10:56:10 - [MESSAGE][PASSED] - Browser is opened with url: ''

06-01-2026T10:56:10 - [TEST_STEP][PASSED] - closeBrowser(): Browser is closed

06-01-2026T10:56:10 - [MESSAGE][PASSED] - Browser is closed

06-01-2026T10:56:10 - [TEST_STEP][PASSED] - openBrowser(""): Browser is opened with url: ''

06-01-2026T10:56:10 - [MESSAGE][INFO] - Starting 'Chrome' driver

06-01-2026T10:56:10 - [MESSAGE][INFO] - Action delay is set to 0 milliseconds

06-01-2026T10:56:12 - [MESSAGE][PASSED] - Browser is opened with url: ''

06-01-2026T10:56:12 - [TEST_STEP][PASSED] - navigateToUrl("https://mbsphr-dev.veecotech.com.my/internal-login-hr"): Navigate to 'https://mbsphr-dev.veecotech.com.my/internal-login-hr' successfully

06-01-2026T10:56:13 - [MESSAGE][PASSED] - Navigate to 'https://mbsphr-dev.veecotech.com.my/internal-login-hr' successfully

06-01-2026T10:56:13 - [TEST_STEP][PASSED] - setText(findTestObject("Object Repository/permohonan-aktiviti-politik/Page_MBSP - Log Masuk/input__no_ktgn"), "99999"): Text '99999' is set on object 'Object Repository/permohonan-aktiviti-politik/Page_MBSP - Log Masuk/input__no_ktgn'

06-01-2026T10:56:14 - [MESSAGE][PASSED] - Text '99999' is set on object 'Object Repository/permohonan-aktiviti-politik/Page_MBSP - Log Masuk/input__no_ktgn'

06-01-2026T10:56:14 - [TEST_STEP][PASSED] - setEncryptedText(findTestObject("Object Repository/permohonan-aktiviti-politik/Page_MBSP - Log Masuk/input__password"), "ReS8CS55u3r9nXfefBFv2A=="): Text ****** has been set on object 'Object Repository/permohonan-aktiviti-politik/Page_MBSP - Log Masuk/input__password'

06-01-2026T10:56:15 - [MESSAGE][PASSED] - Text ****** has been set on object 'Object Repository/permohonan-aktiviti-politik/Page_MBSP - Log Masuk/input__password'

06-01-2026T10:56:15 - [TEST_STEP][PASSED] - click(findTestObject("Object Repository/permohonan-aktiviti-politik/Page_MBSP - Log Masuk/button__login_button")): Object: 'Object Repository/permohonan-aktiviti-politik/Page_MBSP - Log Masuk/button__login_button' is clicked on

06-01-2026T10:56:18 - [MESSAGE][PASSED] - Object: 'Object Repository/permohonan-aktiviti-politik/Page_MBSP - Log Masuk/button__login_button' is clicked on

06-01-2026T10:56:18 - [TEST_STEP][PASSED] - click(findTestObject("Object Repository/permohonan-aktiviti-politik/Page_MBSP - Dashboard/a__dash-head-link arrow-none me-0")): Object: 'Object Repository/permohonan-aktiviti-politik/Page_MBSP - Dashboard/a__dash-head-link arrow-none me-0' is clicked on

06-01-2026T10:56:19 - [MESSAGE][PASSED] - Object: 'Object Repository/permohonan-aktiviti-politik/Page_MBSP - Dashboard/a__dash-head-link arrow-none me-0' is clicked on

06-01-2026T10:56:19 - [TEST_STEP][PASSED] - click(findTestObject("Object Repository/permohonan-aktiviti-politik/Page_MBSP - Dashboard/span_Analisis_dash-mtext")): Object: 'Object Repository/permohonan-aktiviti-politik/Page_MBSP - Dashboard/span_Analisis_dash-mtext' is clicked on

06-01-2026T10:56:21 - [MESSAGE][PASSED] - Object: 'Object Repository/permohonan-aktiviti-politik/Page_MBSP - Dashboard/span_Analisis_dash-mtext' is clicked on

06-01-2026T10:56:21 - [TEST_STEP][PASSED] - click(findTestObject("Object Repository/permohonan-aktiviti-politik/Page_MBSP - Dashboard/span_Permohonan TanahSaham_dash-mtext")): Object: 'Object Repository/permohonan-aktiviti-politik/Page_MBSP - Dashboard/span_Permohonan TanahSaham_dash-mtext' is clicked on

06-01-2026T10:56:23 - [MESSAGE][PASSED] - Object: 'Object Repository/permohonan-aktiviti-politik/Page_MBSP - Dashboard/span_Permohonan TanahSaham_dash-mtext' is clicked on

06-01-2026T10:56:23 - [TEST_STEP][PASSED] - click(findTestObject("Object Repository/permohonan-aktiviti-politik/Page_MBSP - Pemakluman Penglibatan Politik/span")): Object: 'Object Repository/permohonan-aktiviti-politik/Page_MBSP - Pemakluman Penglibatan Politik/span' is clicked on

06-01-2026T10:56:25 - [MESSAGE][PASSED] - Object: 'Object Repository/permohonan-aktiviti-politik/Page_MBSP - Pemakluman Penglibatan Politik/span' is clicked on

06-01-2026T10:56:25 - [TEST_STEP][PASSED] - selectOptionByValue(findTestObject("Object Repository/permohonan-aktiviti-politik/Page_MBSP - Permohonan Baru Aktiviti Politik/select__application_type"), "hold_party_office", true): All options with value 'hold_party_office' are selected in object 'Object Repository/permohonan-aktiviti-politik/Page_MBSP - Permohonan Baru Aktiviti Politik/select__application_type'  using regular expression

06-01-2026T10:56:27 - [MESSAGE][PASSED] - All options with value 'hold_party_office' are selected in object 'Object Repository/permohonan-aktiviti-politik/Page_MBSP - Permohonan Baru Aktiviti Politik/select__application_type'  using regular expression

06-01-2026T10:56:27 - [TEST_STEP][PASSED] - setText(findTestObject("Object Repository/permohonan-aktiviti-politik/Page_MBSP - Permohonan Baru Aktiviti Politik/input__party_name"), "UMNO"): Text 'UMNO' is set on object 'Object Repository/permohonan-aktiviti-politik/Page_MBSP - Permohonan Baru Aktiviti Politik/input__party_name'

06-01-2026T10:56:28 - [MESSAGE][PASSED] - Text 'UMNO' is set on object 'Object Repository/permohonan-aktiviti-politik/Page_MBSP - Permohonan Baru Aktiviti Politik/input__party_name'

06-01-2026T10:56:28 - [TEST_STEP][PASSED] - click(findTestObject("Object Repository/permohonan-aktiviti-politik/Page_MBSP - Permohonan Baru Aktiviti Politik/input_Perakuan_acknowledge")): Object: 'Object Repository/permohonan-aktiviti-politik/Page_MBSP - Permohonan Baru Aktiviti Politik/input_Perakuan_acknowledge' is clicked on

06-01-2026T10:56:29 - [MESSAGE][PASSED] - Object: 'Object Repository/permohonan-aktiviti-politik/Page_MBSP - Permohonan Baru Aktiviti Politik/input_Perakuan_acknowledge' is clicked on

06-01-2026T10:56:29 - [TEST_STEP][PASSED] - click(findTestObject("Object Repository/permohonan-aktiviti-politik/Page_MBSP - Permohonan Baru Aktiviti Politik/button_Batal_btn btn-primary px-4")): Object: 'Object Repository/permohonan-aktiviti-politik/Page_MBSP - Permohonan Baru Aktiviti Politik/button_Batal_btn btn-primary px-4' is clicked on

06-01-2026T10:56:32 - [MESSAGE][PASSED] - Object: 'Object Repository/permohonan-aktiviti-politik/Page_MBSP - Permohonan Baru Aktiviti Politik/button_Batal_btn btn-primary px-4' is clicked on

06-01-2026T10:56:32 - [TEST_STEP][PASSED] - click(findTestObject("Object Repository/permohonan-aktiviti-politik/Page_MBSP - Pemakluman Penglibatan Politik/a__mx-3 btn btn-sm d-flex align-items-cente_89f6a6")): Object: 'Object Repository/permohonan-aktiviti-politik/Page_MBSP - Pemakluman Penglibatan Politik/a__mx-3 btn btn-sm d-flex align-items-cente_89f6a6' is clicked on

06-01-2026T10:56:33 - [MESSAGE][PASSED] - Object: 'Object Repository/permohonan-aktiviti-politik/Page_MBSP - Pemakluman Penglibatan Politik/a__mx-3 btn btn-sm d-flex align-items-cente_89f6a6' is clicked on

06-01-2026T10:56:33 - [TEST_STEP][PASSED] - click(findTestObject("Object Repository/permohonan-aktiviti-politik/Page_MBSP - Pemakluman Penglibatan Politik/button_Lihat Butiran Pemakluman Penglibatan_bf6d77")): Object: 'Object Repository/permohonan-aktiviti-politik/Page_MBSP - Pemakluman Penglibatan Politik/button_Lihat Butiran Pemakluman Penglibatan_bf6d77' is clicked on

06-01-2026T10:56:35 - [MESSAGE][PASSED] - Object: 'Object Repository/permohonan-aktiviti-politik/Page_MBSP - Pemakluman Penglibatan Politik/button_Lihat Butiran Pemakluman Penglibatan_bf6d77' is clicked on

06-01-2026T10:56:35 - [TEST_STEP][PASSED] - click(findTestObject("Object Repository/permohonan-aktiviti-politik/Page_MBSP - Pemakluman Penglibatan Politik/a__btn btn-sm btn-icon d-flex align-items-c_163dfb")): Object: 'Object Repository/permohonan-aktiviti-politik/Page_MBSP - Pemakluman Penglibatan Politik/a__btn btn-sm btn-icon d-flex align-items-c_163dfb' is clicked on

06-01-2026T10:56:36 - [MESSAGE][PASSED] - Object: 'Object Repository/permohonan-aktiviti-politik/Page_MBSP - Pemakluman Penglibatan Politik/a__btn btn-sm btn-icon d-flex align-items-c_163dfb' is clicked on

06-01-2026T10:56:36 - [TEST_STEP][PASSED] - setText(findTestObject("Object Repository/permohonan-aktiviti-politik/Page_MBSP - Kemaskini Permohonan Aktiviti Politik/input__party_name"), "BN"): Text 'BN' is set on object 'Object Repository/permohonan-aktiviti-politik/Page_MBSP - Kemaskini Permohonan Aktiviti Politik/input__party_name'

06-01-2026T10:56:38 - [MESSAGE][PASSED] - Text 'BN' is set on object 'Object Repository/permohonan-aktiviti-politik/Page_MBSP - Kemaskini Permohonan Aktiviti Politik/input__party_name'

06-01-2026T10:56:38 - [TEST_STEP][PASSED] - click(findTestObject("Object Repository/permohonan-aktiviti-politik/Page_MBSP - Kemaskini Permohonan Aktiviti Politik/button_Kembali_btnSubmit")): Object: 'Object Repository/permohonan-aktiviti-politik/Page_MBSP - Kemaskini Permohonan Aktiviti Politik/button_Kembali_btnSubmit' is clicked on

06-01-2026T10:56:39 - [MESSAGE][PASSED] - Object: 'Object Repository/permohonan-aktiviti-politik/Page_MBSP - Kemaskini Permohonan Aktiviti Politik/button_Kembali_btnSubmit' is clicked on

06-01-2026T10:56:39 - [TEST_STEP][PASSED] - doubleClick(findTestObject("Object Repository/permohonan-aktiviti-politik/Page_MBSP - Pemakluman Penglibatan Politik/td")): Object: 'Object Repository/permohonan-aktiviti-politik/Page_MBSP - Pemakluman Penglibatan Politik/td' is double clicked on

06-01-2026T10:56:45 - [MESSAGE][PASSED] - Object: 'Object Repository/permohonan-aktiviti-politik/Page_MBSP - Pemakluman Penglibatan Politik/td' is double clicked on]]></system-out>
         <system-err><![CDATA[]]></system-err>
      </testcase>
      <system-out><![CDATA[06-01-2026T10:55:31 - [TEST_SUITE][FAILED] - permohonan aktiviti politik: null]]></system-out>
      <system-err><![CDATA[06-01-2026T10:55:31 - [TEST_SUITE][FAILED] - permohonan aktiviti politik: null]]></system-err>
   </testsuite>
</testsuites>
